2021-01-08 15:30:38.371 DEBUG [restartedMain]xyz.fusheng.model.ModelApplication.logStarting:56 -Running with Spring Boot v2.2.6.RELEASE, Spring v5.2.5.RELEASE
2021-01-08 15:30:46.847 DEBUG [restartedMain]xyz.fusheng.model.security.filter.IpFilter.init:242 -Filter 'ipFilter' configured for use
2021-01-08 15:40:36.514 DEBUG [restartedMain]xyz.fusheng.model.ModelApplication.logStarting:56 -Running with Spring Boot v2.2.6.RELEASE, Spring v5.2.5.RELEASE
2021-01-08 15:40:41.768 DEBUG [restartedMain]xyz.fusheng.model.security.filter.IpFilter.init:242 -Filter 'ipFilter' configured for use
2021-01-08 16:20:50.417 DEBUG [restartedMain]xyz.fusheng.model.ModelApplication.logStarting:56 -Running with Spring Boot v2.2.6.RELEASE, Spring v5.2.5.RELEASE
2021-01-08 16:20:57.503 DEBUG [restartedMain]xyz.fusheng.model.security.filter.IpFilter.init:242 -Filter 'ipFilter' configured for use
2021-01-08 16:46:01.062 DEBUG [restartedMain]xyz.fusheng.model.ModelApplication.logStarting:56 -Running with Spring Boot v2.2.6.RELEASE, Spring v5.2.5.RELEASE
2021-01-08 18:28:48.475 DEBUG [restartedMain]xyz.fusheng.model.ModelApplication.logStarting:56 -Running with Spring Boot v2.2.6.RELEASE, Spring v5.2.5.RELEASE
2021-01-08 18:28:57.880 DEBUG [restartedMain]xyz.fusheng.model.security.filter.IpFilter.init:242 -Filter 'ipFilter' configured for use
2021-01-08 18:29:14.372 DEBUG [http-nio-9999-exec-1]xyz.fusheng.model.core.mapper.UserMapper.selectOne.debug:143 -==>  Preparing: SELECT user_id,username,password,phone,mail,header,signature,description,realname,sex,address,created_time,update_time,version,is_enabled,is_deleted FROM sys_user WHERE (username = ?) 
2021-01-08 18:29:14.645 DEBUG [http-nio-9999-exec-1]xyz.fusheng.model.core.mapper.UserMapper.selectOne.debug:143 -==> Parameters: code-fusheng(String)
2021-01-08 18:29:14.729 DEBUG [http-nio-9999-exec-1]xyz.fusheng.model.core.mapper.UserMapper.selectOne.debug:143 -<==      Total: 1
2021-01-08 18:29:14.846 DEBUG [http-nio-9999-exec-1]x.f.model.core.mapper.UserMapper.selectRoleByUserId.debug:143 -==>  Preparing: select r.* from sys_role r left join sys_user_role ur on ur.role_id = r.role_id where ur.user_id = ? 
2021-01-08 18:29:14.854 DEBUG [http-nio-9999-exec-1]x.f.model.core.mapper.UserMapper.selectRoleByUserId.debug:143 -==> Parameters: 1(Long)
2021-01-08 18:29:14.888 DEBUG [http-nio-9999-exec-1]x.f.model.core.mapper.UserMapper.selectRoleByUserId.debug:143 -<==      Total: 1
2021-01-08 18:31:46.768 DEBUG [http-nio-9999-exec-1]xyz.fusheng.model.core.mapper.LoginLogMapper.insert.debug:143 -==>  Preparing: INSERT INTO sys_login_log ( user_name, ip_address, login_location, browser_type, os_type, login_status, login_type, msg ) VALUES ( ?, ?, ?, ?, ?, ?, ?, ? ) 
2021-01-08 18:31:46.831 DEBUG [http-nio-9999-exec-1]xyz.fusheng.model.core.mapper.LoginLogMapper.insert.debug:143 -==> Parameters: code-fusheng(String), 127.0.0.1(String), 内网IP(String), Chrome 8(String), Mac OS X(String), 0(Integer), 0(Integer), 登录成功！(String)
2021-01-08 18:31:46.899 DEBUG [http-nio-9999-exec-1]xyz.fusheng.model.core.mapper.LoginLogMapper.insert.debug:143 -<==    Updates: 1
2021-01-08 18:33:00.107 DEBUG [restartedMain]xyz.fusheng.model.ModelApplication.logStarting:56 -Running with Spring Boot v2.2.6.RELEASE, Spring v5.2.5.RELEASE
2021-01-08 18:33:07.174 DEBUG [restartedMain]xyz.fusheng.model.security.filter.IpFilter.init:242 -Filter 'ipFilter' configured for use
