2021-03-25 09:11:37.797 WARN  [restartedMain]com.baomidou.mybatisplus.core.injector.AbstractMethod.addMappedStatement:323 -[xyz.fusheng.model.core.mapper.LoginLogMapper.deleteById] Has been loaded by XML or SqlProvider or Mybatis's Annotation, so ignoring this injection for [class com.baomidou.mybatisplus.core.injector.methods.DeleteById]
2021-03-25 09:11:41.639 WARN  [restartedMain]o.s.b.w.s.c.AnnotationConfigServletWebServerApplicationContext.refresh:558 -Exception encountered during context initialization - cancelling refresh attempt: org.springframework.beans.factory.UnsatisfiedDependencyException: Error creating bean with name 'documentationPluginsBootstrapper' defined in URL [jar:file:/Users/zhanghao/Documents/maven/repo/io/springfox/springfox-spring-web/2.9.2/springfox-spring-web-2.9.2.jar!/springfox/documentation/spring/web/plugins/DocumentationPluginsBootstrapper.class]: Unsatisfied dependency expressed through constructor parameter 1; nested exception is org.springframework.beans.factory.UnsatisfiedDependencyException: Error creating bean with name 'webMvcRequestHandlerProvider' defined in URL [jar:file:/Users/zhanghao/Documents/maven/repo/io/springfox/springfox-spring-web/2.9.2/springfox-spring-web-2.9.2.jar!/springfox/documentation/spring/web/plugins/WebMvcRequestHandlerProvider.class]: Unsatisfied dependency expressed through constructor parameter 1; nested exception is org.springframework.beans.factory.BeanCreationException: Error creating bean with name 'requestMappingHandlerMapping' defined in class path resource [org/springframework/boot/autoconfigure/web/servlet/WebMvcAutoConfiguration$EnableWebMvcConfiguration.class]: Invocation of init method failed; nested exception is java.lang.IllegalStateException: Ambiguous mapping. Cannot map 'loginController' method 
xyz.fusheng.model.controller.LoginController#authorizeGithub()
to {GET /github/login}: There is already 'debugController' bean method
xyz.fusheng.model.controller.DebugController#authorizeGithub() mapped.
2021-03-25 09:11:41.695 WARN  [restartedMain]org.apache.catalina.loader.WebappClassLoaderBase.log:173 -The web application [ROOT] appears to have started a thread named [ForkJoinPool.commonPool-worker-1] but has failed to stop it. This is very likely to create a memory leak. Stack trace of thread:
 sun.misc.Unsafe.park(Native Method)
 java.util.concurrent.ForkJoinPool.awaitWork(ForkJoinPool.java:1835)
 java.util.concurrent.ForkJoinPool.runWorker(ForkJoinPool.java:1704)
 java.util.concurrent.ForkJoinWorkerThread.run(ForkJoinWorkerThread.java:172)
2021-03-25 09:11:41.696 WARN  [restartedMain]org.apache.catalina.loader.WebappClassLoaderBase.log:173 -The web application [ROOT] appears to have started a thread named [ForkJoinPool.commonPool-worker-2] but has failed to stop it. This is very likely to create a memory leak. Stack trace of thread:
 sun.misc.Unsafe.park(Native Method)
 java.util.concurrent.ForkJoinPool.awaitWork(ForkJoinPool.java:1835)
 java.util.concurrent.ForkJoinPool.runWorker(ForkJoinPool.java:1704)
 java.util.concurrent.ForkJoinWorkerThread.run(ForkJoinWorkerThread.java:172)
2021-03-25 09:11:41.697 WARN  [restartedMain]org.apache.catalina.loader.WebappClassLoaderBase.log:173 -The web application [ROOT] appears to have started a thread named [ForkJoinPool.commonPool-worker-3] but has failed to stop it. This is very likely to create a memory leak. Stack trace of thread:
 sun.misc.Unsafe.park(Native Method)
 java.util.concurrent.ForkJoinPool.awaitWork(ForkJoinPool.java:1835)
 java.util.concurrent.ForkJoinPool.runWorker(ForkJoinPool.java:1704)
 java.util.concurrent.ForkJoinWorkerThread.run(ForkJoinWorkerThread.java:172)
2021-03-25 09:11:41.698 WARN  [restartedMain]org.apache.catalina.loader.WebappClassLoaderBase.log:173 -The web application [ROOT] appears to have started a thread named [ForkJoinPool.commonPool-worker-5] but has failed to stop it. This is very likely to create a memory leak. Stack trace of thread:
 sun.misc.Unsafe.park(Native Method)
 java.util.concurrent.ForkJoinPool.awaitWork(ForkJoinPool.java:1835)
 java.util.concurrent.ForkJoinPool.runWorker(ForkJoinPool.java:1704)
 java.util.concurrent.ForkJoinWorkerThread.run(ForkJoinWorkerThread.java:172)
2021-03-25 09:11:41.699 WARN  [restartedMain]org.apache.catalina.loader.WebappClassLoaderBase.log:173 -The web application [ROOT] appears to have started a thread named [ForkJoinPool.commonPool-worker-6] but has failed to stop it. This is very likely to create a memory leak. Stack trace of thread:
 sun.misc.Unsafe.park(Native Method)
 java.util.concurrent.ForkJoinPool.awaitWork(ForkJoinPool.java:1835)
 java.util.concurrent.ForkJoinPool.runWorker(ForkJoinPool.java:1704)
 java.util.concurrent.ForkJoinWorkerThread.run(ForkJoinWorkerThread.java:172)
2021-03-25 09:11:41.699 WARN  [restartedMain]org.apache.catalina.loader.WebappClassLoaderBase.log:173 -The web application [ROOT] appears to have started a thread named [ForkJoinPool.commonPool-worker-7] but has failed to stop it. This is very likely to create a memory leak. Stack trace of thread:
 sun.misc.Unsafe.park(Native Method)
 java.util.concurrent.ForkJoinPool.awaitWork(ForkJoinPool.java:1835)
 java.util.concurrent.ForkJoinPool.runWorker(ForkJoinPool.java:1704)
 java.util.concurrent.ForkJoinWorkerThread.run(ForkJoinWorkerThread.java:172)
2021-03-25 09:14:37.199 WARN  [restartedMain]com.baomidou.mybatisplus.core.injector.AbstractMethod.addMappedStatement:323 -[xyz.fusheng.model.core.mapper.LoginLogMapper.deleteById] Has been loaded by XML or SqlProvider or Mybatis's Annotation, so ignoring this injection for [class com.baomidou.mybatisplus.core.injector.methods.DeleteById]
2021-03-25 09:14:42.724 WARN  [restartedMain]s.d.spring.web.readers.parameter.ParameterDataTypeReader.apply:92 -Trying to infer dataType java.util.List<java.lang.Object>
2021-03-25 09:19:34.748 WARN  [restartedMain]com.baomidou.mybatisplus.core.injector.AbstractMethod.addMappedStatement:323 -[xyz.fusheng.model.core.mapper.LoginLogMapper.deleteById] Has been loaded by XML or SqlProvider or Mybatis's Annotation, so ignoring this injection for [class com.baomidou.mybatisplus.core.injector.methods.DeleteById]
2021-03-25 09:21:12.226 WARN  [restartedMain]com.baomidou.mybatisplus.core.injector.AbstractMethod.addMappedStatement:323 -[xyz.fusheng.model.core.mapper.LoginLogMapper.deleteById] Has been loaded by XML or SqlProvider or Mybatis's Annotation, so ignoring this injection for [class com.baomidou.mybatisplus.core.injector.methods.DeleteById]
2021-03-25 09:21:46.194 WARN  [restartedMain]com.baomidou.mybatisplus.core.injector.AbstractMethod.addMappedStatement:323 -[xyz.fusheng.model.core.mapper.LoginLogMapper.deleteById] Has been loaded by XML or SqlProvider or Mybatis's Annotation, so ignoring this injection for [class com.baomidou.mybatisplus.core.injector.methods.DeleteById]
2021-03-25 09:35:12.144 WARN  [restartedMain]com.baomidou.mybatisplus.core.injector.AbstractMethod.addMappedStatement:323 -[xyz.fusheng.model.core.mapper.LoginLogMapper.deleteById] Has been loaded by XML or SqlProvider or Mybatis's Annotation, so ignoring this injection for [class com.baomidou.mybatisplus.core.injector.methods.DeleteById]
2021-03-25 09:37:17.933 WARN  [restartedMain]com.baomidou.mybatisplus.core.injector.AbstractMethod.addMappedStatement:323 -[xyz.fusheng.model.core.mapper.LoginLogMapper.deleteById] Has been loaded by XML or SqlProvider or Mybatis's Annotation, so ignoring this injection for [class com.baomidou.mybatisplus.core.injector.methods.DeleteById]
2021-03-25 09:38:42.392 WARN  [restartedMain]com.baomidou.mybatisplus.core.injector.AbstractMethod.addMappedStatement:323 -[xyz.fusheng.model.core.mapper.LoginLogMapper.deleteById] Has been loaded by XML or SqlProvider or Mybatis's Annotation, so ignoring this injection for [class com.baomidou.mybatisplus.core.injector.methods.DeleteById]
2021-03-25 09:39:43.358 WARN  [restartedMain]com.baomidou.mybatisplus.core.injector.AbstractMethod.addMappedStatement:323 -[xyz.fusheng.model.core.mapper.LoginLogMapper.deleteById] Has been loaded by XML or SqlProvider or Mybatis's Annotation, so ignoring this injection for [class com.baomidou.mybatisplus.core.injector.methods.DeleteById]
2021-03-25 09:40:52.769 WARN  [restartedMain]com.baomidou.mybatisplus.core.injector.AbstractMethod.addMappedStatement:323 -[xyz.fusheng.model.core.mapper.LoginLogMapper.deleteById] Has been loaded by XML or SqlProvider or Mybatis's Annotation, so ignoring this injection for [class com.baomidou.mybatisplus.core.injector.methods.DeleteById]
2021-03-25 12:34:58.845 WARN  [AMQP Connection 47.111.158.6:5672]com.rabbitmq.client.impl.ForgivingExceptionHandler.log:115 -An unexpected connection driver error occured (Exception message: Connection reset)
2021-03-25 16:54:57.375 WARN  [AMQP Connection 47.111.158.6:5672]com.rabbitmq.client.impl.ForgivingExceptionHandler.log:115 -An unexpected connection driver error occured (Exception message: Connection reset)
2021-03-25 18:51:16.374 WARN  [AMQP Connection 47.111.158.6:5672]com.rabbitmq.client.impl.ForgivingExceptionHandler.log:115 -An unexpected connection driver error occured (Exception message: Connection reset)
