2021-02-10 22:15:44.343 INFO  [restartedMain]xyz.fusheng.model.ModelApplication.logStarting:55 -Starting ModelApplication on zhanghaodeMacBook-Pro.local with PID 27617 (/Users/zhanghao/IdeaProjects/code-fusheng/model/target/classes started by zhanghao in /Users/zhanghao/IdeaProjects/code-fusheng/model)
2021-02-10 22:15:44.357 INFO  [restartedMain]xyz.fusheng.model.ModelApplication.logStartupProfileInfo:655 -The following profiles are active: pro
2021-02-10 22:15:44.458 INFO  [restartedMain]org.springframework.boot.devtools.restart.ChangeableUrls.logTo:225 -The Class-Path manifest attribute in /Users/zhanghao/Documents/maven/apache-maven-3.6.3/repo/com/sun/xml/bind/jaxb-impl/2.3.0/jaxb-impl-2.3.0.jar referenced one or more files that do not exist: file:/Users/zhanghao/Documents/maven/apache-maven-3.6.3/repo/com/sun/xml/bind/jaxb-impl/2.3.0/jaxb-core.jar
2021-02-10 22:15:44.459 INFO  [restartedMain]org.springframework.boot.devtools.restart.ChangeableUrls.logTo:225 -The Class-Path manifest attribute in /Users/zhanghao/Documents/maven/apache-maven-3.6.3/repo/com/sun/xml/bind/jaxb-core/2.3.0/jaxb-core-2.3.0.jar referenced one or more files that do not exist: file:/Users/zhanghao/Documents/maven/apache-maven-3.6.3/repo/com/sun/xml/bind/jaxb-core/2.3.0/jaxb-api.jar
2021-02-10 22:15:44.460 INFO  [restartedMain]o.s.b.devtools.env.DevToolsPropertyDefaultsPostProcessor.logTo:225 -Devtools property defaults active! Set 'spring.devtools.add-properties' to 'false' to disable
2021-02-10 22:15:44.461 INFO  [restartedMain]o.s.b.devtools.env.DevToolsPropertyDefaultsPostProcessor.logTo:225 -For additional web related logging consider setting the 'logging.level.web' property to 'DEBUG'
2021-02-10 22:15:46.696 INFO  [restartedMain]o.s.d.repository.config.RepositoryConfigurationDelegate.multipleStoresDetected:249 -Multiple Spring Data modules found, entering strict repository configuration mode!
2021-02-10 22:15:46.703 INFO  [restartedMain]o.s.d.repository.config.RepositoryConfigurationDelegate.registerRepositoriesIn:127 -Bootstrapping Spring Data Elasticsearch repositories in DEFAULT mode.
2021-02-10 22:15:46.779 INFO  [restartedMain]o.s.d.repository.config.RepositoryConfigurationDelegate.registerRepositoriesIn:187 -Finished Spring Data repository scanning in 67ms. Found 0 Elasticsearch repository interfaces.
2021-02-10 22:15:46.790 INFO  [restartedMain]o.s.d.repository.config.RepositoryConfigurationDelegate.multipleStoresDetected:249 -Multiple Spring Data modules found, entering strict repository configuration mode!
2021-02-10 22:15:46.792 INFO  [restartedMain]o.s.d.repository.config.RepositoryConfigurationDelegate.registerRepositoriesIn:127 -Bootstrapping Spring Data Reactive Elasticsearch repositories in DEFAULT mode.
2021-02-10 22:15:46.826 INFO  [restartedMain]o.s.d.repository.config.RepositoryConfigurationDelegate.registerRepositoriesIn:187 -Finished Spring Data repository scanning in 34ms. Found 0 Reactive Elasticsearch repository interfaces.
2021-02-10 22:15:46.859 INFO  [restartedMain]o.s.d.repository.config.RepositoryConfigurationDelegate.multipleStoresDetected:249 -Multiple Spring Data modules found, entering strict repository configuration mode!
2021-02-10 22:15:46.861 INFO  [restartedMain]o.s.d.repository.config.RepositoryConfigurationDelegate.registerRepositoriesIn:127 -Bootstrapping Spring Data Redis repositories in DEFAULT mode.
2021-02-10 22:15:46.902 INFO  [restartedMain]o.s.d.repository.config.RepositoryConfigurationDelegate.registerRepositoriesIn:187 -Finished Spring Data repository scanning in 13ms. Found 0 Redis repository interfaces.
2021-02-10 22:15:48.284 INFO  [restartedMain]o.s.c.s.PostProcessorRegistrationDelegate$BeanPostProcessorChecker.postProcessAfterInitialization:330 -Bean 'org.springframework.security.config.annotation.configuration.ObjectPostProcessorConfiguration' of type [org.springframework.security.config.annotation.configuration.ObjectPostProcessorConfiguration] is not eligible for getting processed by all BeanPostProcessors (for example: not eligible for auto-proxying)
2021-02-10 22:15:48.291 INFO  [restartedMain]o.s.c.s.PostProcessorRegistrationDelegate$BeanPostProcessorChecker.postProcessAfterInitialization:330 -Bean 'objectPostProcessor' of type [org.springframework.security.config.annotation.configuration.AutowireBeanFactoryObjectPostProcessor] is not eligible for getting processed by all BeanPostProcessors (for example: not eligible for auto-proxying)
2021-02-10 22:15:48.300 INFO  [restartedMain]o.s.c.s.PostProcessorRegistrationDelegate$BeanPostProcessorChecker.postProcessAfterInitialization:330 -Bean 'org.springframework.security.access.expression.method.DefaultMethodSecurityExpressionHandler@5b81c32a' of type [org.springframework.security.access.expression.method.DefaultMethodSecurityExpressionHandler] is not eligible for getting processed by all BeanPostProcessors (for example: not eligible for auto-proxying)
2021-02-10 22:15:48.304 INFO  [restartedMain]o.s.c.s.PostProcessorRegistrationDelegate$BeanPostProcessorChecker.postProcessAfterInitialization:330 -Bean 'org.springframework.security.config.annotation.method.configuration.GlobalMethodSecurityConfiguration' of type [org.springframework.security.config.annotation.method.configuration.GlobalMethodSecurityConfiguration] is not eligible for getting processed by all BeanPostProcessors (for example: not eligible for auto-proxying)
2021-02-10 22:15:48.323 INFO  [restartedMain]o.s.c.s.PostProcessorRegistrationDelegate$BeanPostProcessorChecker.postProcessAfterInitialization:330 -Bean 'methodSecurityMetadataSource' of type [org.springframework.security.access.method.DelegatingMethodSecurityMetadataSource] is not eligible for getting processed by all BeanPostProcessors (for example: not eligible for auto-proxying)
2021-02-10 22:15:48.998 INFO  [restartedMain]o.s.boot.web.embedded.tomcat.TomcatWebServer.initialize:92 -Tomcat initialized with port(s): 9999 (http)
2021-02-10 22:15:49.016 INFO  [restartedMain]org.apache.coyote.http11.Http11NioProtocol.log:173 -Initializing ProtocolHandler ["http-nio-9999"]
2021-02-10 22:15:49.018 INFO  [restartedMain]org.apache.catalina.core.StandardService.log:173 -Starting service [Tomcat]
2021-02-10 22:15:49.019 INFO  [restartedMain]org.apache.catalina.core.StandardEngine.log:173 -Starting Servlet engine: [Apache Tomcat/9.0.33]
2021-02-10 22:15:49.140 INFO  [restartedMain]o.a.catalina.core.ContainerBase.[Tomcat].[localhost].[/].log:173 -Initializing Spring embedded WebApplicationContext
2021-02-10 22:15:49.140 INFO  [restartedMain]org.springframework.web.context.ContextLoader.prepareWebApplicationContext:284 -Root WebApplicationContext: initialization completed in 4679 ms
2021-02-10 22:15:55.140 INFO  [restartedMain]s.d.s.web.PropertySourcedRequestMappingHandlerMapping.initHandlerMethods:69 -Mapped URL path [/v2/api-docs] onto method [springfox.documentation.swagger2.web.Swagger2Controller#getDocumentation(String, HttpServletRequest)]
2021-02-10 22:15:55.343 INFO  [restartedMain]o.s.security.web.DefaultSecurityFilterChain.<init>:43 -Creating filter chain: Ant [pattern='/css/**'], []
2021-02-10 22:15:55.344 INFO  [restartedMain]o.s.security.web.DefaultSecurityFilterChain.<init>:43 -Creating filter chain: Ant [pattern='/js/**,/static/**'], []
2021-02-10 22:15:55.345 INFO  [restartedMain]o.s.security.web.DefaultSecurityFilterChain.<init>:43 -Creating filter chain: Ant [pattern='/templates/**'], []
2021-02-10 22:15:55.345 INFO  [restartedMain]o.s.security.web.DefaultSecurityFilterChain.<init>:43 -Creating filter chain: Ant [pattern='/img/**'], []
2021-02-10 22:15:55.586 INFO  [restartedMain]o.s.security.web.DefaultSecurityFilterChain.<init>:43 -Creating filter chain: any request, [org.springframework.security.web.context.request.async.WebAsyncManagerIntegrationFilter@48f15c76, org.springframework.security.web.context.SecurityContextPersistenceFilter@2113921c, org.springframework.security.web.header.HeaderWriterFilter@16215127, org.springframework.web.filter.CorsFilter@25b2fdd2, xyz.fusheng.model.security.filter.IpFilter@1a117a1d, org.springframework.security.web.authentication.logout.LogoutFilter@7cd7cc12, xyz.fusheng.model.security.sms.ValidateCodeFilter@626a8061, xyz.fusheng.model.security.sms.SmsCodeAuthenticationFilter@5cf0f12c, org.springframework.security.web.authentication.UsernamePasswordAuthenticationFilter@5cf9f5d6, xyz.fusheng.model.security.jwt.JwtAuthenticationTokenFilter@1e200428, org.springframework.security.web.authentication.www.BasicAuthenticationFilter@642686cb, org.springframework.security.web.savedrequest.RequestCacheAwareFilter@27fc3b40, org.springframework.security.web.servletapi.SecurityContextHolderAwareRequestFilter@67ff7158, org.springframework.security.web.authentication.AnonymousAuthenticationFilter@2c4e2653, org.springframework.security.web.session.SessionManagementFilter@51c4630, org.springframework.security.web.access.ExceptionTranslationFilter@6b45c11f, org.springframework.security.web.access.intercept.FilterSecurityInterceptor@4f9e3fb0]
2021-02-10 22:15:55.737 INFO  [restartedMain]o.s.scheduling.concurrent.ThreadPoolTaskExecutor.initialize:181 -Initializing ExecutorService 'applicationTaskExecutor'
2021-02-10 22:15:55.831 INFO  [restartedMain]o.s.boot.devtools.autoconfigure.OptionalLiveReloadServer.startServer:58 -LiveReload server is running on port 35729
2021-02-10 22:15:56.910 INFO  [restartedMain]o.s.scheduling.concurrent.ThreadPoolTaskScheduler.initialize:181 -Initializing ExecutorService 'taskScheduler'
2021-02-10 22:15:57.210 INFO  [restartedMain]s.d.spring.web.plugins.DocumentationPluginsBootstrapper.start:160 -Context refreshed
2021-02-10 22:15:57.232 INFO  [restartedMain]s.d.spring.web.plugins.DocumentationPluginsBootstrapper.start:163 -Found 1 custom documentation plugin(s)
2021-02-10 22:15:57.287 INFO  [restartedMain]s.d.spring.web.scanners.ApiListingReferenceScanner.scan:41 -Scanning for api listing references
2021-02-10 22:15:57.611 INFO  [restartedMain]s.d.s.w.readers.operation.CachingOperationNameGenerator.startingWith:40 -Generating unique operation named: deleteByIdUsingDELETE_1
2021-02-10 22:15:57.614 INFO  [restartedMain]s.d.s.w.readers.operation.CachingOperationNameGenerator.startingWith:40 -Generating unique operation named: disableUsingPUT_1
2021-02-10 22:15:57.619 INFO  [restartedMain]s.d.s.w.readers.operation.CachingOperationNameGenerator.startingWith:40 -Generating unique operation named: enableUsingPUT_1
2021-02-10 22:15:57.624 INFO  [restartedMain]s.d.s.w.readers.operation.CachingOperationNameGenerator.startingWith:40 -Generating unique operation named: getByIdUsingGET_1
2021-02-10 22:15:57.637 INFO  [restartedMain]s.d.s.w.readers.operation.CachingOperationNameGenerator.startingWith:40 -Generating unique operation named: getByPageUsingPOST_1
2021-02-10 22:15:57.640 INFO  [restartedMain]s.d.s.w.readers.operation.CachingOperationNameGenerator.startingWith:40 -Generating unique operation named: getListUsingGET_1
2021-02-10 22:15:57.642 INFO  [restartedMain]s.d.s.w.readers.operation.CachingOperationNameGenerator.startingWith:40 -Generating unique operation named: saveUsingPOST_1
2021-02-10 22:15:57.644 INFO  [restartedMain]s.d.s.w.readers.operation.CachingOperationNameGenerator.startingWith:40 -Generating unique operation named: updateUsingPUT_1
2021-02-10 22:15:57.658 INFO  [restartedMain]s.d.s.w.readers.operation.CachingOperationNameGenerator.startingWith:40 -Generating unique operation named: getByPageUsingPOST_2
2021-02-10 22:15:57.663 INFO  [restartedMain]s.d.s.w.readers.operation.CachingOperationNameGenerator.startingWith:40 -Generating unique operation named: saveUsingPOST_2
2021-02-10 22:15:57.669 INFO  [restartedMain]s.d.s.w.readers.operation.CachingOperationNameGenerator.startingWith:40 -Generating unique operation named: deleteByIdUsingDELETE_2
2021-02-10 22:15:57.674 INFO  [restartedMain]s.d.s.w.readers.operation.CachingOperationNameGenerator.startingWith:40 -Generating unique operation named: getByIdUsingGET_2
2021-02-10 22:15:57.688 INFO  [restartedMain]s.d.s.w.readers.operation.CachingOperationNameGenerator.startingWith:40 -Generating unique operation named: getByPageUsingPOST_3
2021-02-10 22:15:57.692 INFO  [restartedMain]s.d.s.w.readers.operation.CachingOperationNameGenerator.startingWith:40 -Generating unique operation named: saveUsingPOST_3
2021-02-10 22:15:57.697 INFO  [restartedMain]s.d.s.w.readers.operation.CachingOperationNameGenerator.startingWith:40 -Generating unique operation named: getByIdUsingGET_3
2021-02-10 22:15:57.708 INFO  [restartedMain]s.d.s.w.readers.operation.CachingOperationNameGenerator.startingWith:40 -Generating unique operation named: getByPageUsingPOST_4
2021-02-10 22:15:57.710 INFO  [restartedMain]s.d.s.w.readers.operation.CachingOperationNameGenerator.startingWith:40 -Generating unique operation named: saveUsingPOST_4
2021-02-10 22:15:57.734 INFO  [restartedMain]s.d.s.w.readers.operation.CachingOperationNameGenerator.startingWith:40 -Generating unique operation named: getByPageUsingPOST_5
2021-02-10 22:15:57.742 INFO  [restartedMain]s.d.s.w.readers.operation.CachingOperationNameGenerator.startingWith:40 -Generating unique operation named: deleteUsingDELETE_1
2021-02-10 22:15:57.743 INFO  [restartedMain]s.d.s.w.readers.operation.CachingOperationNameGenerator.startingWith:40 -Generating unique operation named: deleteByIdsUsingPUT_1
2021-02-10 22:15:57.756 INFO  [restartedMain]s.d.s.w.readers.operation.CachingOperationNameGenerator.startingWith:40 -Generating unique operation named: getByPageUsingPOST_6
2021-02-10 22:15:57.759 INFO  [restartedMain]s.d.s.w.readers.operation.CachingOperationNameGenerator.startingWith:40 -Generating unique operation named: deleteByIdUsingDELETE_3
2021-02-10 22:15:57.763 INFO  [restartedMain]s.d.s.w.readers.operation.CachingOperationNameGenerator.startingWith:40 -Generating unique operation named: getByIdUsingGET_4
2021-02-10 22:15:57.776 INFO  [restartedMain]s.d.s.w.readers.operation.CachingOperationNameGenerator.startingWith:40 -Generating unique operation named: getByPageUsingPOST_7
2021-02-10 22:15:57.779 INFO  [restartedMain]s.d.s.w.readers.operation.CachingOperationNameGenerator.startingWith:40 -Generating unique operation named: listUsingGET_1
2021-02-10 22:15:57.782 INFO  [restartedMain]s.d.s.w.readers.operation.CachingOperationNameGenerator.startingWith:40 -Generating unique operation named: saveUsingPOST_5
2021-02-10 22:15:57.785 INFO  [restartedMain]s.d.s.w.readers.operation.CachingOperationNameGenerator.startingWith:40 -Generating unique operation named: updateUsingPUT_2
2021-02-10 22:15:57.793 INFO  [restartedMain]s.d.s.w.readers.operation.CachingOperationNameGenerator.startingWith:40 -Generating unique operation named: getAllUsingGET_1
2021-02-10 22:15:57.801 INFO  [restartedMain]s.d.s.w.readers.operation.CachingOperationNameGenerator.startingWith:40 -Generating unique operation named: getByIdUsingGET_5
2021-02-10 22:15:57.810 INFO  [restartedMain]s.d.s.w.readers.operation.CachingOperationNameGenerator.startingWith:40 -Generating unique operation named: getByPageUsingPOST_8
2021-02-10 22:15:57.813 INFO  [restartedMain]s.d.s.w.readers.operation.CachingOperationNameGenerator.startingWith:40 -Generating unique operation named: getListUsingGET_2
2021-02-10 22:15:57.821 INFO  [restartedMain]s.d.s.w.readers.operation.CachingOperationNameGenerator.startingWith:40 -Generating unique operation named: saveUsingPOST_6
2021-02-10 22:15:57.822 INFO  [restartedMain]s.d.s.w.readers.operation.CachingOperationNameGenerator.startingWith:40 -Generating unique operation named: updateUsingPUT_3
2021-02-10 22:15:57.838 INFO  [restartedMain]s.d.s.w.readers.operation.CachingOperationNameGenerator.startingWith:40 -Generating unique operation named: deleteUsingDELETE_2
2021-02-10 22:15:57.841 INFO  [restartedMain]s.d.s.w.readers.operation.CachingOperationNameGenerator.startingWith:40 -Generating unique operation named: deleteByIdsUsingPUT_2
2021-02-10 22:15:57.843 INFO  [restartedMain]s.d.s.w.readers.operation.CachingOperationNameGenerator.startingWith:40 -Generating unique operation named: disableUsingPUT_2
2021-02-10 22:15:57.848 INFO  [restartedMain]s.d.s.w.readers.operation.CachingOperationNameGenerator.startingWith:40 -Generating unique operation named: enableUsingPUT_2
2021-02-10 22:15:57.873 INFO  [restartedMain]s.d.s.w.readers.operation.CachingOperationNameGenerator.startingWith:40 -Generating unique operation named: getByPageUsingPOST_9
2021-02-10 22:15:57.877 INFO  [restartedMain]s.d.s.w.readers.operation.CachingOperationNameGenerator.startingWith:40 -Generating unique operation named: listUsingGET_2
2021-02-10 22:15:57.883 INFO  [restartedMain]s.d.s.w.readers.operation.CachingOperationNameGenerator.startingWith:40 -Generating unique operation named: saveUsingPOST_7
2021-02-10 22:15:57.887 INFO  [restartedMain]s.d.s.w.readers.operation.CachingOperationNameGenerator.startingWith:40 -Generating unique operation named: updateUsingPUT_4
2021-02-10 22:15:57.904 INFO  [restartedMain]s.d.s.w.readers.operation.CachingOperationNameGenerator.startingWith:40 -Generating unique operation named: deleteByIdUsingDELETE_4
2021-02-10 22:15:57.911 INFO  [restartedMain]s.d.s.w.readers.operation.CachingOperationNameGenerator.startingWith:40 -Generating unique operation named: disableUsingPUT_3
2021-02-10 22:15:57.915 INFO  [restartedMain]s.d.s.w.readers.operation.CachingOperationNameGenerator.startingWith:40 -Generating unique operation named: enableUsingPUT_3
2021-02-10 22:15:57.937 INFO  [restartedMain]s.d.s.w.readers.operation.CachingOperationNameGenerator.startingWith:40 -Generating unique operation named: getByIdUsingGET_6
2021-02-10 22:15:57.947 INFO  [restartedMain]s.d.s.w.readers.operation.CachingOperationNameGenerator.startingWith:40 -Generating unique operation named: getByPageUsingPOST_10
2021-02-10 22:15:57.953 INFO  [restartedMain]s.d.s.w.readers.operation.CachingOperationNameGenerator.startingWith:40 -Generating unique operation named: listUsingGET_3
2021-02-10 22:15:57.956 INFO  [restartedMain]s.d.s.w.readers.operation.CachingOperationNameGenerator.startingWith:40 -Generating unique operation named: saveUsingPOST_8
2021-02-10 22:15:57.960 INFO  [restartedMain]s.d.s.w.readers.operation.CachingOperationNameGenerator.startingWith:40 -Generating unique operation named: updateUsingPUT_5
2021-02-10 22:15:57.964 INFO  [restartedMain]s.d.s.w.readers.operation.CachingOperationNameGenerator.startingWith:40 -Generating unique operation named: deleteByIdUsingDELETE_5
2021-02-10 22:15:57.968 INFO  [restartedMain]s.d.s.w.readers.operation.CachingOperationNameGenerator.startingWith:40 -Generating unique operation named: disableUsingPUT_4
2021-02-10 22:15:57.971 INFO  [restartedMain]s.d.s.w.readers.operation.CachingOperationNameGenerator.startingWith:40 -Generating unique operation named: enableUsingPUT_4
2021-02-10 22:15:57.974 INFO  [restartedMain]s.d.s.w.readers.operation.CachingOperationNameGenerator.startingWith:40 -Generating unique operation named: getByIdUsingGET_7
2021-02-10 22:15:57.982 INFO  [restartedMain]s.d.s.w.readers.operation.CachingOperationNameGenerator.startingWith:40 -Generating unique operation named: getByPageUsingPOST_11
2021-02-10 22:15:57.986 INFO  [restartedMain]s.d.s.w.readers.operation.CachingOperationNameGenerator.startingWith:40 -Generating unique operation named: listUsingGET_4
2021-02-10 22:15:57.988 INFO  [restartedMain]s.d.s.w.readers.operation.CachingOperationNameGenerator.startingWith:40 -Generating unique operation named: saveUsingPOST_9
2021-02-10 22:15:57.989 INFO  [restartedMain]s.d.s.w.readers.operation.CachingOperationNameGenerator.startingWith:40 -Generating unique operation named: updateUsingPUT_6
2021-02-10 22:15:58.003 INFO  [restartedMain]s.d.s.w.readers.operation.CachingOperationNameGenerator.startingWith:40 -Generating unique operation named: getByPageUsingPOST_12
2021-02-10 22:15:58.006 INFO  [restartedMain]s.d.s.w.readers.operation.CachingOperationNameGenerator.startingWith:40 -Generating unique operation named: deleteByIdUsingDELETE_6
2021-02-10 22:15:58.007 INFO  [restartedMain]s.d.s.w.readers.operation.CachingOperationNameGenerator.startingWith:40 -Generating unique operation named: disableUsingPUT_5
2021-02-10 22:15:58.008 INFO  [restartedMain]s.d.s.w.readers.operation.CachingOperationNameGenerator.startingWith:40 -Generating unique operation named: enableUsingPUT_5
2021-02-10 22:15:58.011 INFO  [restartedMain]s.d.s.w.readers.operation.CachingOperationNameGenerator.startingWith:40 -Generating unique operation named: getByIdUsingGET_8
2021-02-10 22:15:58.024 INFO  [restartedMain]s.d.s.w.readers.operation.CachingOperationNameGenerator.startingWith:40 -Generating unique operation named: listUsingGET_5
2021-02-10 22:15:58.027 INFO  [restartedMain]s.d.s.w.readers.operation.CachingOperationNameGenerator.startingWith:40 -Generating unique operation named: saveUsingPOST_10
2021-02-10 22:15:58.035 INFO  [restartedMain]s.d.s.w.readers.operation.CachingOperationNameGenerator.startingWith:40 -Generating unique operation named: updateUsingPUT_7
2021-02-10 22:15:58.056 INFO  [restartedMain]s.d.s.w.readers.operation.CachingOperationNameGenerator.startingWith:40 -Generating unique operation named: deleteByIdUsingDELETE_7
2021-02-10 22:15:58.058 INFO  [restartedMain]s.d.s.w.readers.operation.CachingOperationNameGenerator.startingWith:40 -Generating unique operation named: disableUsingPUT_6
2021-02-10 22:15:58.060 INFO  [restartedMain]s.d.s.w.readers.operation.CachingOperationNameGenerator.startingWith:40 -Generating unique operation named: enableUsingPUT_6
2021-02-10 22:15:58.065 INFO  [restartedMain]s.d.s.w.readers.operation.CachingOperationNameGenerator.startingWith:40 -Generating unique operation named: getByIdUsingGET_9
2021-02-10 22:15:58.081 INFO  [restartedMain]s.d.s.w.readers.operation.CachingOperationNameGenerator.startingWith:40 -Generating unique operation named: getByPageUsingPOST_13
2021-02-10 22:15:58.084 INFO  [restartedMain]s.d.s.w.readers.operation.CachingOperationNameGenerator.startingWith:40 -Generating unique operation named: listUsingGET_6
2021-02-10 22:15:58.088 INFO  [restartedMain]s.d.s.w.readers.operation.CachingOperationNameGenerator.startingWith:40 -Generating unique operation named: saveUsingPOST_11
2021-02-10 22:15:58.093 INFO  [restartedMain]s.d.s.w.readers.operation.CachingOperationNameGenerator.startingWith:40 -Generating unique operation named: updateUsingPUT_8
2021-02-10 22:15:58.125 INFO  [restartedMain]o.s.amqp.rabbit.connection.CachingConnectionFactory.connect:524 -Attempting to connect to: [175.24.45.179:5672]
2021-02-10 22:15:58.490 INFO  [restartedMain]o.s.amqp.rabbit.connection.CachingConnectionFactory.createBareConnection:497 -Created new connection: rabbitConnectionFactory#3d86124:0/SimpleConnection@153566c6 [delegate=amqp://code-fusheng@175.24.45.179:5672//model, localPort= 65124]
2021-02-10 22:15:59.208 INFO  [restartedMain]org.apache.coyote.http11.Http11NioProtocol.log:173 -Starting ProtocolHandler ["http-nio-9999"]
2021-02-10 22:15:59.240 INFO  [restartedMain]o.s.boot.web.embedded.tomcat.TomcatWebServer.start:204 -Tomcat started on port(s): 9999 (http) with context path ''
2021-02-10 22:15:59.244 INFO  [restartedMain]xyz.fusheng.model.ModelApplication.logStarted:61 -Started ModelApplication in 16.552 seconds (JVM running for 18.8)
2021-02-10 22:15:59.251 INFO  [restartedMain]xyz.fusheng.model.ModelApplication.main:106 ->>>>>>>>>>>>>>>>系统已经启动>>>>>>>>>>>>>>>
2021-02-10 22:17:32.819 INFO  [http-nio-9999-exec-1]o.a.catalina.core.ContainerBase.[Tomcat].[localhost].[/].log:173 -Initializing Spring DispatcherServlet 'dispatcherServlet'
2021-02-10 22:17:32.819 INFO  [http-nio-9999-exec-1]org.springframework.web.servlet.DispatcherServlet.initServletBean:525 -Initializing Servlet 'dispatcherServlet'
2021-02-10 22:17:32.838 INFO  [http-nio-9999-exec-1]org.springframework.web.servlet.DispatcherServlet.initServletBean:547 -Completed initialization in 19 ms
2021-02-10 22:17:33.009 INFO  [http-nio-9999-exec-1]io.lettuce.core.EpollProvider.<clinit>:68 -Starting without optional epoll library
2021-02-10 22:17:33.534 INFO  [http-nio-9999-exec-1]io.lettuce.core.KqueueProvider.<clinit>:66 -Starting with kqueue library
2021-02-10 22:17:34.019 INFO  [http-nio-9999-exec-1]x.f.model.security.jwt.JwtAuthenticationTokenFilter.doFilterInternal:77 -Token过期
2021-02-10 22:18:13.600 INFO  [http-nio-9999-exec-3]xyz.fusheng.model.common.aspect.aop.RequestAspect.printRequestLog:146 -请求地址 : /article/getLastAndNextArticleVo/171
2021-02-10 22:18:13.600 INFO  [http-nio-9999-exec-3]xyz.fusheng.model.common.aspect.aop.RequestAspect.printRequestLog:147 -请求方式 : GET
2021-02-10 22:18:13.601 INFO  [http-nio-9999-exec-3]xyz.fusheng.model.common.aspect.aop.RequestAspect.printRequestLog:150 -IP : 0:0:0:0:0:0:0:1
2021-02-10 22:18:13.604 INFO  [http-nio-9999-exec-3]xyz.fusheng.model.common.aspect.aop.RequestAspect.printRequestLog:152 -方法 : xyz.fusheng.model.controller.ArticleController.getLastAndNextArticleVo
2021-02-10 22:18:13.604 INFO  [http-nio-9999-exec-3]xyz.fusheng.model.common.aspect.aop.RequestAspect.printRequestLog:156 -请求参数：******
2021-02-10 22:18:18.200 INFO  [http-nio-9999-exec-3]com.alibaba.druid.pool.DruidDataSource.init:922 -{dataSource-1} inited
2021-02-10 22:20:09.001 INFO  [SpringContextShutdownHook]o.s.amqp.rabbit.listener.SimpleMessageListenerContainer.doShutdown:645 -Waiting for workers to finish.
2021-02-10 22:20:09.873 INFO  [SpringContextShutdownHook]o.s.amqp.rabbit.listener.SimpleMessageListenerContainer.doShutdown:648 -Successfully waited for workers to finish.
2021-02-10 22:20:09.880 INFO  [SpringContextShutdownHook]o.s.scheduling.concurrent.ThreadPoolTaskScheduler.shutdown:218 -Shutting down ExecutorService 'taskScheduler'
2021-02-10 22:20:09.883 INFO  [SpringContextShutdownHook]o.s.amqp.rabbit.listener.SimpleMessageListenerContainer.shutdown:1231 -Shutdown ignored - container is not active already
2021-02-10 22:20:09.885 INFO  [SpringContextShutdownHook]o.s.jmx.export.annotation.AnnotationMBeanExporter.doUnregister:211 -Could not unregister MBean [com.github.tobato.fastdfs.domain.conn:name=fdfsConnectionPool,type=FdfsConnectionPool] as said MBean is not registered (perhaps already unregistered by an external process)
2021-02-10 22:20:09.885 INFO  [SpringContextShutdownHook]o.s.scheduling.concurrent.ThreadPoolTaskExecutor.shutdown:218 -Shutting down ExecutorService 'applicationTaskExecutor'
2021-02-10 22:20:10.100 INFO  [SpringContextShutdownHook]com.alibaba.druid.pool.DruidDataSource.close:1817 -{dataSource-1} closed
2021-02-10 22:20:14.172 INFO  [restartedMain]xyz.fusheng.model.ModelApplication.logStarting:55 -Starting ModelApplication on zhanghaodeMacBook-Pro.local with PID 28505 (/Users/zhanghao/IdeaProjects/code-fusheng/model/target/classes started by zhanghao in /Users/zhanghao/IdeaProjects/code-fusheng/model)
2021-02-10 22:20:14.176 INFO  [restartedMain]xyz.fusheng.model.ModelApplication.logStartupProfileInfo:655 -The following profiles are active: pro
2021-02-10 22:20:14.227 INFO  [restartedMain]org.springframework.boot.devtools.restart.ChangeableUrls.logTo:225 -The Class-Path manifest attribute in /Users/zhanghao/Documents/maven/apache-maven-3.6.3/repo/com/sun/xml/bind/jaxb-impl/2.3.0/jaxb-impl-2.3.0.jar referenced one or more files that do not exist: file:/Users/zhanghao/Documents/maven/apache-maven-3.6.3/repo/com/sun/xml/bind/jaxb-impl/2.3.0/jaxb-core.jar
2021-02-10 22:20:14.227 INFO  [restartedMain]org.springframework.boot.devtools.restart.ChangeableUrls.logTo:225 -The Class-Path manifest attribute in /Users/zhanghao/Documents/maven/apache-maven-3.6.3/repo/com/sun/xml/bind/jaxb-core/2.3.0/jaxb-core-2.3.0.jar referenced one or more files that do not exist: file:/Users/zhanghao/Documents/maven/apache-maven-3.6.3/repo/com/sun/xml/bind/jaxb-core/2.3.0/jaxb-api.jar
2021-02-10 22:20:14.228 INFO  [restartedMain]o.s.b.devtools.env.DevToolsPropertyDefaultsPostProcessor.logTo:225 -Devtools property defaults active! Set 'spring.devtools.add-properties' to 'false' to disable
2021-02-10 22:20:14.228 INFO  [restartedMain]o.s.b.devtools.env.DevToolsPropertyDefaultsPostProcessor.logTo:225 -For additional web related logging consider setting the 'logging.level.web' property to 'DEBUG'
2021-02-10 22:20:15.109 INFO  [restartedMain]o.s.d.repository.config.RepositoryConfigurationDelegate.multipleStoresDetected:249 -Multiple Spring Data modules found, entering strict repository configuration mode!
2021-02-10 22:20:15.111 INFO  [restartedMain]o.s.d.repository.config.RepositoryConfigurationDelegate.registerRepositoriesIn:127 -Bootstrapping Spring Data Elasticsearch repositories in DEFAULT mode.
2021-02-10 22:20:15.141 INFO  [restartedMain]o.s.d.repository.config.RepositoryConfigurationDelegate.registerRepositoriesIn:187 -Finished Spring Data repository scanning in 26ms. Found 0 Elasticsearch repository interfaces.
2021-02-10 22:20:15.145 INFO  [restartedMain]o.s.d.repository.config.RepositoryConfigurationDelegate.multipleStoresDetected:249 -Multiple Spring Data modules found, entering strict repository configuration mode!
2021-02-10 22:20:15.146 INFO  [restartedMain]o.s.d.repository.config.RepositoryConfigurationDelegate.registerRepositoriesIn:127 -Bootstrapping Spring Data Reactive Elasticsearch repositories in DEFAULT mode.
2021-02-10 22:20:15.155 INFO  [restartedMain]o.s.d.repository.config.RepositoryConfigurationDelegate.registerRepositoriesIn:187 -Finished Spring Data repository scanning in 9ms. Found 0 Reactive Elasticsearch repository interfaces.
2021-02-10 22:20:15.174 INFO  [restartedMain]o.s.d.repository.config.RepositoryConfigurationDelegate.multipleStoresDetected:249 -Multiple Spring Data modules found, entering strict repository configuration mode!
2021-02-10 22:20:15.176 INFO  [restartedMain]o.s.d.repository.config.RepositoryConfigurationDelegate.registerRepositoriesIn:127 -Bootstrapping Spring Data Redis repositories in DEFAULT mode.
2021-02-10 22:20:15.191 INFO  [restartedMain]o.s.d.repository.config.RepositoryConfigurationDelegate.registerRepositoriesIn:187 -Finished Spring Data repository scanning in 8ms. Found 0 Redis repository interfaces.
2021-02-10 22:20:15.798 INFO  [restartedMain]o.s.c.s.PostProcessorRegistrationDelegate$BeanPostProcessorChecker.postProcessAfterInitialization:330 -Bean 'org.springframework.security.config.annotation.configuration.ObjectPostProcessorConfiguration' of type [org.springframework.security.config.annotation.configuration.ObjectPostProcessorConfiguration] is not eligible for getting processed by all BeanPostProcessors (for example: not eligible for auto-proxying)
2021-02-10 22:20:15.803 INFO  [restartedMain]o.s.c.s.PostProcessorRegistrationDelegate$BeanPostProcessorChecker.postProcessAfterInitialization:330 -Bean 'objectPostProcessor' of type [org.springframework.security.config.annotation.configuration.AutowireBeanFactoryObjectPostProcessor] is not eligible for getting processed by all BeanPostProcessors (for example: not eligible for auto-proxying)
2021-02-10 22:20:15.807 INFO  [restartedMain]o.s.c.s.PostProcessorRegistrationDelegate$BeanPostProcessorChecker.postProcessAfterInitialization:330 -Bean 'org.springframework.security.access.expression.method.DefaultMethodSecurityExpressionHandler@7e40390b' of type [org.springframework.security.access.expression.method.DefaultMethodSecurityExpressionHandler] is not eligible for getting processed by all BeanPostProcessors (for example: not eligible for auto-proxying)
2021-02-10 22:20:15.809 INFO  [restartedMain]o.s.c.s.PostProcessorRegistrationDelegate$BeanPostProcessorChecker.postProcessAfterInitialization:330 -Bean 'org.springframework.security.config.annotation.method.configuration.GlobalMethodSecurityConfiguration' of type [org.springframework.security.config.annotation.method.configuration.GlobalMethodSecurityConfiguration] is not eligible for getting processed by all BeanPostProcessors (for example: not eligible for auto-proxying)
2021-02-10 22:20:15.819 INFO  [restartedMain]o.s.c.s.PostProcessorRegistrationDelegate$BeanPostProcessorChecker.postProcessAfterInitialization:330 -Bean 'methodSecurityMetadataSource' of type [org.springframework.security.access.method.DelegatingMethodSecurityMetadataSource] is not eligible for getting processed by all BeanPostProcessors (for example: not eligible for auto-proxying)
2021-02-10 22:20:16.239 INFO  [restartedMain]o.s.boot.web.embedded.tomcat.TomcatWebServer.initialize:92 -Tomcat initialized with port(s): 9999 (http)
2021-02-10 22:20:16.250 INFO  [restartedMain]org.apache.coyote.http11.Http11NioProtocol.log:173 -Initializing ProtocolHandler ["http-nio-9999"]
2021-02-10 22:20:16.251 INFO  [restartedMain]org.apache.catalina.core.StandardService.log:173 -Starting service [Tomcat]
2021-02-10 22:20:16.252 INFO  [restartedMain]org.apache.catalina.core.StandardEngine.log:173 -Starting Servlet engine: [Apache Tomcat/9.0.33]
2021-02-10 22:20:16.340 INFO  [restartedMain]o.a.catalina.core.ContainerBase.[Tomcat].[localhost].[/].log:173 -Initializing Spring embedded WebApplicationContext
2021-02-10 22:20:16.340 INFO  [restartedMain]org.springframework.web.context.ContextLoader.prepareWebApplicationContext:284 -Root WebApplicationContext: initialization completed in 2111 ms
2021-02-10 22:20:19.770 INFO  [restartedMain]s.d.s.web.PropertySourcedRequestMappingHandlerMapping.initHandlerMethods:69 -Mapped URL path [/v2/api-docs] onto method [springfox.documentation.swagger2.web.Swagger2Controller#getDocumentation(String, HttpServletRequest)]
2021-02-10 22:20:19.872 INFO  [restartedMain]o.s.security.web.DefaultSecurityFilterChain.<init>:43 -Creating filter chain: Ant [pattern='/css/**'], []
2021-02-10 22:20:19.873 INFO  [restartedMain]o.s.security.web.DefaultSecurityFilterChain.<init>:43 -Creating filter chain: Ant [pattern='/js/**,/static/**'], []
2021-02-10 22:20:19.873 INFO  [restartedMain]o.s.security.web.DefaultSecurityFilterChain.<init>:43 -Creating filter chain: Ant [pattern='/templates/**'], []
2021-02-10 22:20:19.873 INFO  [restartedMain]o.s.security.web.DefaultSecurityFilterChain.<init>:43 -Creating filter chain: Ant [pattern='/img/**'], []
2021-02-10 22:20:20.016 INFO  [restartedMain]o.s.security.web.DefaultSecurityFilterChain.<init>:43 -Creating filter chain: any request, [org.springframework.security.web.context.request.async.WebAsyncManagerIntegrationFilter@54274b44, org.springframework.security.web.context.SecurityContextPersistenceFilter@38eb0352, org.springframework.security.web.header.HeaderWriterFilter@296f5ab3, org.springframework.web.filter.CorsFilter@72dd33f3, xyz.fusheng.model.security.filter.IpFilter@6f54f18b, org.springframework.security.web.authentication.logout.LogoutFilter@41208f4e, xyz.fusheng.model.security.sms.ValidateCodeFilter@1d8b27a7, xyz.fusheng.model.security.sms.SmsCodeAuthenticationFilter@57871fa3, org.springframework.security.web.authentication.UsernamePasswordAuthenticationFilter@5116d7ca, xyz.fusheng.model.security.jwt.JwtAuthenticationTokenFilter@3914037c, org.springframework.security.web.authentication.www.BasicAuthenticationFilter@500fb330, org.springframework.security.web.savedrequest.RequestCacheAwareFilter@60d8db4f, org.springframework.security.web.servletapi.SecurityContextHolderAwareRequestFilter@418723fa, org.springframework.security.web.authentication.AnonymousAuthenticationFilter@22cdfd06, org.springframework.security.web.session.SessionManagementFilter@b5ce2ed, org.springframework.security.web.access.ExceptionTranslationFilter@36cf3859, org.springframework.security.web.access.intercept.FilterSecurityInterceptor@72df45b9]
2021-02-10 22:20:20.098 INFO  [restartedMain]o.s.scheduling.concurrent.ThreadPoolTaskExecutor.initialize:181 -Initializing ExecutorService 'applicationTaskExecutor'
2021-02-10 22:20:20.158 INFO  [restartedMain]o.s.boot.devtools.autoconfigure.OptionalLiveReloadServer.startServer:58 -LiveReload server is running on port 35729
2021-02-10 22:20:20.735 INFO  [restartedMain]o.s.scheduling.concurrent.ThreadPoolTaskScheduler.initialize:181 -Initializing ExecutorService 'taskScheduler'
2021-02-10 22:20:20.898 INFO  [restartedMain]s.d.spring.web.plugins.DocumentationPluginsBootstrapper.start:160 -Context refreshed
2021-02-10 22:20:20.907 INFO  [restartedMain]s.d.spring.web.plugins.DocumentationPluginsBootstrapper.start:163 -Found 1 custom documentation plugin(s)
2021-02-10 22:20:20.935 INFO  [restartedMain]s.d.spring.web.scanners.ApiListingReferenceScanner.scan:41 -Scanning for api listing references
2021-02-10 22:20:21.126 INFO  [restartedMain]s.d.s.w.readers.operation.CachingOperationNameGenerator.startingWith:40 -Generating unique operation named: deleteByIdUsingDELETE_1
2021-02-10 22:20:21.128 INFO  [restartedMain]s.d.s.w.readers.operation.CachingOperationNameGenerator.startingWith:40 -Generating unique operation named: disableUsingPUT_1
2021-02-10 22:20:21.130 INFO  [restartedMain]s.d.s.w.readers.operation.CachingOperationNameGenerator.startingWith:40 -Generating unique operation named: enableUsingPUT_1
2021-02-10 22:20:21.134 INFO  [restartedMain]s.d.s.w.readers.operation.CachingOperationNameGenerator.startingWith:40 -Generating unique operation named: getByIdUsingGET_1
2021-02-10 22:20:21.144 INFO  [restartedMain]s.d.s.w.readers.operation.CachingOperationNameGenerator.startingWith:40 -Generating unique operation named: getByPageUsingPOST_1
2021-02-10 22:20:21.147 INFO  [restartedMain]s.d.s.w.readers.operation.CachingOperationNameGenerator.startingWith:40 -Generating unique operation named: getListUsingGET_1
2021-02-10 22:20:21.149 INFO  [restartedMain]s.d.s.w.readers.operation.CachingOperationNameGenerator.startingWith:40 -Generating unique operation named: saveUsingPOST_1
2021-02-10 22:20:21.151 INFO  [restartedMain]s.d.s.w.readers.operation.CachingOperationNameGenerator.startingWith:40 -Generating unique operation named: updateUsingPUT_1
2021-02-10 22:20:21.161 INFO  [restartedMain]s.d.s.w.readers.operation.CachingOperationNameGenerator.startingWith:40 -Generating unique operation named: getByPageUsingPOST_2
2021-02-10 22:20:21.164 INFO  [restartedMain]s.d.s.w.readers.operation.CachingOperationNameGenerator.startingWith:40 -Generating unique operation named: saveUsingPOST_2
2021-02-10 22:20:21.166 INFO  [restartedMain]s.d.s.w.readers.operation.CachingOperationNameGenerator.startingWith:40 -Generating unique operation named: deleteByIdUsingDELETE_2
2021-02-10 22:20:21.171 INFO  [restartedMain]s.d.s.w.readers.operation.CachingOperationNameGenerator.startingWith:40 -Generating unique operation named: getByIdUsingGET_2
2021-02-10 22:20:21.179 INFO  [restartedMain]s.d.s.w.readers.operation.CachingOperationNameGenerator.startingWith:40 -Generating unique operation named: getByPageUsingPOST_3
2021-02-10 22:20:21.182 INFO  [restartedMain]s.d.s.w.readers.operation.CachingOperationNameGenerator.startingWith:40 -Generating unique operation named: saveUsingPOST_3
2021-02-10 22:20:21.186 INFO  [restartedMain]s.d.s.w.readers.operation.CachingOperationNameGenerator.startingWith:40 -Generating unique operation named: getByIdUsingGET_3
2021-02-10 22:20:21.192 INFO  [restartedMain]s.d.s.w.readers.operation.CachingOperationNameGenerator.startingWith:40 -Generating unique operation named: getByPageUsingPOST_4
2021-02-10 22:20:21.195 INFO  [restartedMain]s.d.s.w.readers.operation.CachingOperationNameGenerator.startingWith:40 -Generating unique operation named: saveUsingPOST_4
2021-02-10 22:20:21.206 INFO  [restartedMain]s.d.s.w.readers.operation.CachingOperationNameGenerator.startingWith:40 -Generating unique operation named: getByPageUsingPOST_5
2021-02-10 22:20:21.212 INFO  [restartedMain]s.d.s.w.readers.operation.CachingOperationNameGenerator.startingWith:40 -Generating unique operation named: deleteUsingDELETE_1
2021-02-10 22:20:21.213 INFO  [restartedMain]s.d.s.w.readers.operation.CachingOperationNameGenerator.startingWith:40 -Generating unique operation named: deleteByIdsUsingPUT_1
2021-02-10 22:20:21.221 INFO  [restartedMain]s.d.s.w.readers.operation.CachingOperationNameGenerator.startingWith:40 -Generating unique operation named: getByPageUsingPOST_6
2021-02-10 22:20:21.223 INFO  [restartedMain]s.d.s.w.readers.operation.CachingOperationNameGenerator.startingWith:40 -Generating unique operation named: deleteByIdUsingDELETE_3
2021-02-10 22:20:21.226 INFO  [restartedMain]s.d.s.w.readers.operation.CachingOperationNameGenerator.startingWith:40 -Generating unique operation named: getByIdUsingGET_4
2021-02-10 22:20:21.233 INFO  [restartedMain]s.d.s.w.readers.operation.CachingOperationNameGenerator.startingWith:40 -Generating unique operation named: getByPageUsingPOST_7
2021-02-10 22:20:21.234 INFO  [restartedMain]s.d.s.w.readers.operation.CachingOperationNameGenerator.startingWith:40 -Generating unique operation named: listUsingGET_1
2021-02-10 22:20:21.236 INFO  [restartedMain]s.d.s.w.readers.operation.CachingOperationNameGenerator.startingWith:40 -Generating unique operation named: saveUsingPOST_5
2021-02-10 22:20:21.237 INFO  [restartedMain]s.d.s.w.readers.operation.CachingOperationNameGenerator.startingWith:40 -Generating unique operation named: updateUsingPUT_2
2021-02-10 22:20:21.243 INFO  [restartedMain]s.d.s.w.readers.operation.CachingOperationNameGenerator.startingWith:40 -Generating unique operation named: getAllUsingGET_1
2021-02-10 22:20:21.246 INFO  [restartedMain]s.d.s.w.readers.operation.CachingOperationNameGenerator.startingWith:40 -Generating unique operation named: getByIdUsingGET_5
2021-02-10 22:20:21.252 INFO  [restartedMain]s.d.s.w.readers.operation.CachingOperationNameGenerator.startingWith:40 -Generating unique operation named: getByPageUsingPOST_8
2021-02-10 22:20:21.253 INFO  [restartedMain]s.d.s.w.readers.operation.CachingOperationNameGenerator.startingWith:40 -Generating unique operation named: getListUsingGET_2
2021-02-10 22:20:21.255 INFO  [restartedMain]s.d.s.w.readers.operation.CachingOperationNameGenerator.startingWith:40 -Generating unique operation named: saveUsingPOST_6
2021-02-10 22:20:21.256 INFO  [restartedMain]s.d.s.w.readers.operation.CachingOperationNameGenerator.startingWith:40 -Generating unique operation named: updateUsingPUT_3
2021-02-10 22:20:21.263 INFO  [restartedMain]s.d.s.w.readers.operation.CachingOperationNameGenerator.startingWith:40 -Generating unique operation named: deleteUsingDELETE_2
2021-02-10 22:20:21.265 INFO  [restartedMain]s.d.s.w.readers.operation.CachingOperationNameGenerator.startingWith:40 -Generating unique operation named: deleteByIdsUsingPUT_2
2021-02-10 22:20:21.266 INFO  [restartedMain]s.d.s.w.readers.operation.CachingOperationNameGenerator.startingWith:40 -Generating unique operation named: disableUsingPUT_2
2021-02-10 22:20:21.268 INFO  [restartedMain]s.d.s.w.readers.operation.CachingOperationNameGenerator.startingWith:40 -Generating unique operation named: enableUsingPUT_2
2021-02-10 22:20:21.277 INFO  [restartedMain]s.d.s.w.readers.operation.CachingOperationNameGenerator.startingWith:40 -Generating unique operation named: getByPageUsingPOST_9
2021-02-10 22:20:21.280 INFO  [restartedMain]s.d.s.w.readers.operation.CachingOperationNameGenerator.startingWith:40 -Generating unique operation named: listUsingGET_2
2021-02-10 22:20:21.282 INFO  [restartedMain]s.d.s.w.readers.operation.CachingOperationNameGenerator.startingWith:40 -Generating unique operation named: saveUsingPOST_7
2021-02-10 22:20:21.284 INFO  [restartedMain]s.d.s.w.readers.operation.CachingOperationNameGenerator.startingWith:40 -Generating unique operation named: updateUsingPUT_4
2021-02-10 22:20:21.291 INFO  [restartedMain]s.d.s.w.readers.operation.CachingOperationNameGenerator.startingWith:40 -Generating unique operation named: deleteByIdUsingDELETE_4
2021-02-10 22:20:21.293 INFO  [restartedMain]s.d.s.w.readers.operation.CachingOperationNameGenerator.startingWith:40 -Generating unique operation named: disableUsingPUT_3
2021-02-10 22:20:21.295 INFO  [restartedMain]s.d.s.w.readers.operation.CachingOperationNameGenerator.startingWith:40 -Generating unique operation named: enableUsingPUT_3
2021-02-10 22:20:21.305 INFO  [restartedMain]s.d.s.w.readers.operation.CachingOperationNameGenerator.startingWith:40 -Generating unique operation named: getByIdUsingGET_6
2021-02-10 22:20:21.312 INFO  [restartedMain]s.d.s.w.readers.operation.CachingOperationNameGenerator.startingWith:40 -Generating unique operation named: getByPageUsingPOST_10
2021-02-10 22:20:21.315 INFO  [restartedMain]s.d.s.w.readers.operation.CachingOperationNameGenerator.startingWith:40 -Generating unique operation named: listUsingGET_3
2021-02-10 22:20:21.316 INFO  [restartedMain]s.d.s.w.readers.operation.CachingOperationNameGenerator.startingWith:40 -Generating unique operation named: saveUsingPOST_8
2021-02-10 22:20:21.321 INFO  [restartedMain]s.d.s.w.readers.operation.CachingOperationNameGenerator.startingWith:40 -Generating unique operation named: updateUsingPUT_5
2021-02-10 22:20:21.323 INFO  [restartedMain]s.d.s.w.readers.operation.CachingOperationNameGenerator.startingWith:40 -Generating unique operation named: deleteByIdUsingDELETE_5
2021-02-10 22:20:21.324 INFO  [restartedMain]s.d.s.w.readers.operation.CachingOperationNameGenerator.startingWith:40 -Generating unique operation named: disableUsingPUT_4
2021-02-10 22:20:21.325 INFO  [restartedMain]s.d.s.w.readers.operation.CachingOperationNameGenerator.startingWith:40 -Generating unique operation named: enableUsingPUT_4
2021-02-10 22:20:21.328 INFO  [restartedMain]s.d.s.w.readers.operation.CachingOperationNameGenerator.startingWith:40 -Generating unique operation named: getByIdUsingGET_7
2021-02-10 22:20:21.336 INFO  [restartedMain]s.d.s.w.readers.operation.CachingOperationNameGenerator.startingWith:40 -Generating unique operation named: getByPageUsingPOST_11
2021-02-10 22:20:21.339 INFO  [restartedMain]s.d.s.w.readers.operation.CachingOperationNameGenerator.startingWith:40 -Generating unique operation named: listUsingGET_4
2021-02-10 22:20:21.341 INFO  [restartedMain]s.d.s.w.readers.operation.CachingOperationNameGenerator.startingWith:40 -Generating unique operation named: saveUsingPOST_9
2021-02-10 22:20:21.343 INFO  [restartedMain]s.d.s.w.readers.operation.CachingOperationNameGenerator.startingWith:40 -Generating unique operation named: updateUsingPUT_6
2021-02-10 22:20:21.357 INFO  [restartedMain]s.d.s.w.readers.operation.CachingOperationNameGenerator.startingWith:40 -Generating unique operation named: getByPageUsingPOST_12
2021-02-10 22:20:21.360 INFO  [restartedMain]s.d.s.w.readers.operation.CachingOperationNameGenerator.startingWith:40 -Generating unique operation named: deleteByIdUsingDELETE_6
2021-02-10 22:20:21.362 INFO  [restartedMain]s.d.s.w.readers.operation.CachingOperationNameGenerator.startingWith:40 -Generating unique operation named: disableUsingPUT_5
2021-02-10 22:20:21.364 INFO  [restartedMain]s.d.s.w.readers.operation.CachingOperationNameGenerator.startingWith:40 -Generating unique operation named: enableUsingPUT_5
2021-02-10 22:20:21.367 INFO  [restartedMain]s.d.s.w.readers.operation.CachingOperationNameGenerator.startingWith:40 -Generating unique operation named: getByIdUsingGET_8
2021-02-10 22:20:21.373 INFO  [restartedMain]s.d.s.w.readers.operation.CachingOperationNameGenerator.startingWith:40 -Generating unique operation named: listUsingGET_5
2021-02-10 22:20:21.376 INFO  [restartedMain]s.d.s.w.readers.operation.CachingOperationNameGenerator.startingWith:40 -Generating unique operation named: saveUsingPOST_10
2021-02-10 22:20:21.382 INFO  [restartedMain]s.d.s.w.readers.operation.CachingOperationNameGenerator.startingWith:40 -Generating unique operation named: updateUsingPUT_7
2021-02-10 22:20:21.396 INFO  [restartedMain]s.d.s.w.readers.operation.CachingOperationNameGenerator.startingWith:40 -Generating unique operation named: deleteByIdUsingDELETE_7
2021-02-10 22:20:21.397 INFO  [restartedMain]s.d.s.w.readers.operation.CachingOperationNameGenerator.startingWith:40 -Generating unique operation named: disableUsingPUT_6
2021-02-10 22:20:21.399 INFO  [restartedMain]s.d.s.w.readers.operation.CachingOperationNameGenerator.startingWith:40 -Generating unique operation named: enableUsingPUT_6
2021-02-10 22:20:21.402 INFO  [restartedMain]s.d.s.w.readers.operation.CachingOperationNameGenerator.startingWith:40 -Generating unique operation named: getByIdUsingGET_9
2021-02-10 22:20:21.411 INFO  [restartedMain]s.d.s.w.readers.operation.CachingOperationNameGenerator.startingWith:40 -Generating unique operation named: getByPageUsingPOST_13
2021-02-10 22:20:21.413 INFO  [restartedMain]s.d.s.w.readers.operation.CachingOperationNameGenerator.startingWith:40 -Generating unique operation named: listUsingGET_6
2021-02-10 22:20:21.417 INFO  [restartedMain]s.d.s.w.readers.operation.CachingOperationNameGenerator.startingWith:40 -Generating unique operation named: saveUsingPOST_11
2021-02-10 22:20:21.418 INFO  [restartedMain]s.d.s.w.readers.operation.CachingOperationNameGenerator.startingWith:40 -Generating unique operation named: updateUsingPUT_8
2021-02-10 22:20:21.430 INFO  [restartedMain]o.s.amqp.rabbit.connection.CachingConnectionFactory.connect:524 -Attempting to connect to: [175.24.45.179:5672]
2021-02-10 22:20:21.619 INFO  [restartedMain]o.s.amqp.rabbit.connection.CachingConnectionFactory.createBareConnection:497 -Created new connection: rabbitConnectionFactory#1909d4ec:0/SimpleConnection@1390bb91 [delegate=amqp://code-fusheng@175.24.45.179:5672//model, localPort= 50046]
2021-02-10 22:20:22.179 INFO  [restartedMain]org.apache.coyote.http11.Http11NioProtocol.log:173 -Starting ProtocolHandler ["http-nio-9999"]
2021-02-10 22:20:22.203 INFO  [restartedMain]o.s.boot.web.embedded.tomcat.TomcatWebServer.start:204 -Tomcat started on port(s): 9999 (http) with context path ''
2021-02-10 22:20:22.206 INFO  [restartedMain]xyz.fusheng.model.ModelApplication.logStarted:61 -Started ModelApplication in 8.462 seconds (JVM running for 9.125)
2021-02-10 22:20:22.209 INFO  [restartedMain]xyz.fusheng.model.ModelApplication.main:106 ->>>>>>>>>>>>>>>>系统已经启动>>>>>>>>>>>>>>>
2021-02-10 22:20:34.408 INFO  [http-nio-9999-exec-2]o.a.catalina.core.ContainerBase.[Tomcat].[localhost].[/].log:173 -Initializing Spring DispatcherServlet 'dispatcherServlet'
2021-02-10 22:20:34.408 INFO  [http-nio-9999-exec-2]org.springframework.web.servlet.DispatcherServlet.initServletBean:525 -Initializing Servlet 'dispatcherServlet'
2021-02-10 22:20:34.423 INFO  [http-nio-9999-exec-2]org.springframework.web.servlet.DispatcherServlet.initServletBean:547 -Completed initialization in 15 ms
2021-02-10 22:20:34.540 INFO  [http-nio-9999-exec-2]io.lettuce.core.EpollProvider.<clinit>:68 -Starting without optional epoll library
2021-02-10 22:20:35.570 INFO  [http-nio-9999-exec-2]io.lettuce.core.KqueueProvider.<clinit>:66 -Starting with kqueue library
2021-02-10 22:20:36.023 INFO  [http-nio-9999-exec-2]xyz.fusheng.model.common.aspect.aop.RequestAspect.printRequestLog:146 -请求地址 : /article/getLastAndNextArticleVo/171
2021-02-10 22:20:36.024 INFO  [http-nio-9999-exec-2]xyz.fusheng.model.common.aspect.aop.RequestAspect.printRequestLog:147 -请求方式 : GET
2021-02-10 22:20:36.025 INFO  [http-nio-9999-exec-2]xyz.fusheng.model.common.aspect.aop.RequestAspect.printRequestLog:150 -IP : 0:0:0:0:0:0:0:1
2021-02-10 22:20:36.028 INFO  [http-nio-9999-exec-2]xyz.fusheng.model.common.aspect.aop.RequestAspect.printRequestLog:152 -方法 : xyz.fusheng.model.controller.ArticleController.getLastAndNextArticleVo
2021-02-10 22:20:36.029 INFO  [http-nio-9999-exec-2]xyz.fusheng.model.common.aspect.aop.RequestAspect.printRequestLog:156 -请求参数：******
2021-02-10 22:20:39.226 INFO  [http-nio-9999-exec-2]com.alibaba.druid.pool.DruidDataSource.init:922 -{dataSource-1} inited
2021-02-10 22:21:03.234 INFO  [SpringContextShutdownHook]o.s.amqp.rabbit.listener.SimpleMessageListenerContainer.doShutdown:645 -Waiting for workers to finish.
2021-02-10 22:21:03.289 INFO  [SpringContextShutdownHook]o.s.amqp.rabbit.listener.SimpleMessageListenerContainer.doShutdown:648 -Successfully waited for workers to finish.
2021-02-10 22:21:03.297 INFO  [SpringContextShutdownHook]o.s.scheduling.concurrent.ThreadPoolTaskScheduler.shutdown:218 -Shutting down ExecutorService 'taskScheduler'
2021-02-10 22:21:03.301 INFO  [SpringContextShutdownHook]o.s.amqp.rabbit.listener.SimpleMessageListenerContainer.shutdown:1231 -Shutdown ignored - container is not active already
2021-02-10 22:21:03.302 INFO  [SpringContextShutdownHook]o.s.jmx.export.annotation.AnnotationMBeanExporter.doUnregister:211 -Could not unregister MBean [com.github.tobato.fastdfs.domain.conn:name=fdfsConnectionPool,type=FdfsConnectionPool] as said MBean is not registered (perhaps already unregistered by an external process)
2021-02-10 22:21:03.303 INFO  [SpringContextShutdownHook]o.s.scheduling.concurrent.ThreadPoolTaskExecutor.shutdown:218 -Shutting down ExecutorService 'applicationTaskExecutor'
2021-02-10 22:21:03.496 INFO  [SpringContextShutdownHook]com.alibaba.druid.pool.DruidDataSource.close:1817 -{dataSource-1} closed
2021-02-10 22:21:07.572 INFO  [restartedMain]xyz.fusheng.model.ModelApplication.logStarting:55 -Starting ModelApplication on zhanghaodeMacBook-Pro.local with PID 28674 (/Users/zhanghao/IdeaProjects/code-fusheng/model/target/classes started by zhanghao in /Users/zhanghao/IdeaProjects/code-fusheng/model)
2021-02-10 22:21:07.576 INFO  [restartedMain]xyz.fusheng.model.ModelApplication.logStartupProfileInfo:655 -The following profiles are active: pro
2021-02-10 22:21:07.654 INFO  [restartedMain]org.springframework.boot.devtools.restart.ChangeableUrls.logTo:225 -The Class-Path manifest attribute in /Users/zhanghao/Documents/maven/apache-maven-3.6.3/repo/com/sun/xml/bind/jaxb-impl/2.3.0/jaxb-impl-2.3.0.jar referenced one or more files that do not exist: file:/Users/zhanghao/Documents/maven/apache-maven-3.6.3/repo/com/sun/xml/bind/jaxb-impl/2.3.0/jaxb-core.jar
2021-02-10 22:21:07.654 INFO  [restartedMain]org.springframework.boot.devtools.restart.ChangeableUrls.logTo:225 -The Class-Path manifest attribute in /Users/zhanghao/Documents/maven/apache-maven-3.6.3/repo/com/sun/xml/bind/jaxb-core/2.3.0/jaxb-core-2.3.0.jar referenced one or more files that do not exist: file:/Users/zhanghao/Documents/maven/apache-maven-3.6.3/repo/com/sun/xml/bind/jaxb-core/2.3.0/jaxb-api.jar
2021-02-10 22:21:07.655 INFO  [restartedMain]o.s.b.devtools.env.DevToolsPropertyDefaultsPostProcessor.logTo:225 -Devtools property defaults active! Set 'spring.devtools.add-properties' to 'false' to disable
2021-02-10 22:21:07.656 INFO  [restartedMain]o.s.b.devtools.env.DevToolsPropertyDefaultsPostProcessor.logTo:225 -For additional web related logging consider setting the 'logging.level.web' property to 'DEBUG'
2021-02-10 22:21:08.609 INFO  [restartedMain]o.s.d.repository.config.RepositoryConfigurationDelegate.multipleStoresDetected:249 -Multiple Spring Data modules found, entering strict repository configuration mode!
2021-02-10 22:21:08.611 INFO  [restartedMain]o.s.d.repository.config.RepositoryConfigurationDelegate.registerRepositoriesIn:127 -Bootstrapping Spring Data Elasticsearch repositories in DEFAULT mode.
2021-02-10 22:21:08.641 INFO  [restartedMain]o.s.d.repository.config.RepositoryConfigurationDelegate.registerRepositoriesIn:187 -Finished Spring Data repository scanning in 25ms. Found 0 Elasticsearch repository interfaces.
2021-02-10 22:21:08.646 INFO  [restartedMain]o.s.d.repository.config.RepositoryConfigurationDelegate.multipleStoresDetected:249 -Multiple Spring Data modules found, entering strict repository configuration mode!
2021-02-10 22:21:08.647 INFO  [restartedMain]o.s.d.repository.config.RepositoryConfigurationDelegate.registerRepositoriesIn:127 -Bootstrapping Spring Data Reactive Elasticsearch repositories in DEFAULT mode.
2021-02-10 22:21:08.657 INFO  [restartedMain]o.s.d.repository.config.RepositoryConfigurationDelegate.registerRepositoriesIn:187 -Finished Spring Data repository scanning in 9ms. Found 0 Reactive Elasticsearch repository interfaces.
2021-02-10 22:21:08.668 INFO  [restartedMain]o.s.d.repository.config.RepositoryConfigurationDelegate.multipleStoresDetected:249 -Multiple Spring Data modules found, entering strict repository configuration mode!
2021-02-10 22:21:08.670 INFO  [restartedMain]o.s.d.repository.config.RepositoryConfigurationDelegate.registerRepositoriesIn:127 -Bootstrapping Spring Data Redis repositories in DEFAULT mode.
2021-02-10 22:21:08.685 INFO  [restartedMain]o.s.d.repository.config.RepositoryConfigurationDelegate.registerRepositoriesIn:187 -Finished Spring Data repository scanning in 8ms. Found 0 Redis repository interfaces.
2021-02-10 22:21:09.292 INFO  [restartedMain]o.s.c.s.PostProcessorRegistrationDelegate$BeanPostProcessorChecker.postProcessAfterInitialization:330 -Bean 'org.springframework.security.config.annotation.configuration.ObjectPostProcessorConfiguration' of type [org.springframework.security.config.annotation.configuration.ObjectPostProcessorConfiguration] is not eligible for getting processed by all BeanPostProcessors (for example: not eligible for auto-proxying)
2021-02-10 22:21:09.296 INFO  [restartedMain]o.s.c.s.PostProcessorRegistrationDelegate$BeanPostProcessorChecker.postProcessAfterInitialization:330 -Bean 'objectPostProcessor' of type [org.springframework.security.config.annotation.configuration.AutowireBeanFactoryObjectPostProcessor] is not eligible for getting processed by all BeanPostProcessors (for example: not eligible for auto-proxying)
2021-02-10 22:21:09.301 INFO  [restartedMain]o.s.c.s.PostProcessorRegistrationDelegate$BeanPostProcessorChecker.postProcessAfterInitialization:330 -Bean 'org.springframework.security.access.expression.method.DefaultMethodSecurityExpressionHandler@6878ae91' of type [org.springframework.security.access.expression.method.DefaultMethodSecurityExpressionHandler] is not eligible for getting processed by all BeanPostProcessors (for example: not eligible for auto-proxying)
2021-02-10 22:21:09.304 INFO  [restartedMain]o.s.c.s.PostProcessorRegistrationDelegate$BeanPostProcessorChecker.postProcessAfterInitialization:330 -Bean 'org.springframework.security.config.annotation.method.configuration.GlobalMethodSecurityConfiguration' of type [org.springframework.security.config.annotation.method.configuration.GlobalMethodSecurityConfiguration] is not eligible for getting processed by all BeanPostProcessors (for example: not eligible for auto-proxying)
2021-02-10 22:21:09.314 INFO  [restartedMain]o.s.c.s.PostProcessorRegistrationDelegate$BeanPostProcessorChecker.postProcessAfterInitialization:330 -Bean 'methodSecurityMetadataSource' of type [org.springframework.security.access.method.DelegatingMethodSecurityMetadataSource] is not eligible for getting processed by all BeanPostProcessors (for example: not eligible for auto-proxying)
2021-02-10 22:21:09.640 INFO  [restartedMain]o.s.boot.web.embedded.tomcat.TomcatWebServer.initialize:92 -Tomcat initialized with port(s): 9999 (http)
2021-02-10 22:21:09.648 INFO  [restartedMain]org.apache.coyote.http11.Http11NioProtocol.log:173 -Initializing ProtocolHandler ["http-nio-9999"]
2021-02-10 22:21:09.648 INFO  [restartedMain]org.apache.catalina.core.StandardService.log:173 -Starting service [Tomcat]
2021-02-10 22:21:09.649 INFO  [restartedMain]org.apache.catalina.core.StandardEngine.log:173 -Starting Servlet engine: [Apache Tomcat/9.0.33]
2021-02-10 22:21:09.715 INFO  [restartedMain]o.a.catalina.core.ContainerBase.[Tomcat].[localhost].[/].log:173 -Initializing Spring embedded WebApplicationContext
2021-02-10 22:21:09.716 INFO  [restartedMain]org.springframework.web.context.ContextLoader.prepareWebApplicationContext:284 -Root WebApplicationContext: initialization completed in 2060 ms
2021-02-10 22:21:13.096 INFO  [restartedMain]s.d.s.web.PropertySourcedRequestMappingHandlerMapping.initHandlerMethods:69 -Mapped URL path [/v2/api-docs] onto method [springfox.documentation.swagger2.web.Swagger2Controller#getDocumentation(String, HttpServletRequest)]
2021-02-10 22:21:13.198 INFO  [restartedMain]o.s.security.web.DefaultSecurityFilterChain.<init>:43 -Creating filter chain: Ant [pattern='/css/**'], []
2021-02-10 22:21:13.198 INFO  [restartedMain]o.s.security.web.DefaultSecurityFilterChain.<init>:43 -Creating filter chain: Ant [pattern='/js/**,/static/**'], []
2021-02-10 22:21:13.198 INFO  [restartedMain]o.s.security.web.DefaultSecurityFilterChain.<init>:43 -Creating filter chain: Ant [pattern='/templates/**'], []
2021-02-10 22:21:13.199 INFO  [restartedMain]o.s.security.web.DefaultSecurityFilterChain.<init>:43 -Creating filter chain: Ant [pattern='/img/**'], []
2021-02-10 22:21:13.347 INFO  [restartedMain]o.s.security.web.DefaultSecurityFilterChain.<init>:43 -Creating filter chain: any request, [org.springframework.security.web.context.request.async.WebAsyncManagerIntegrationFilter@22c4ec13, org.springframework.security.web.context.SecurityContextPersistenceFilter@21b709a4, org.springframework.security.web.header.HeaderWriterFilter@15033339, org.springframework.web.filter.CorsFilter@5faadc58, xyz.fusheng.model.security.filter.IpFilter@377b4568, org.springframework.security.web.authentication.logout.LogoutFilter@476afb92, xyz.fusheng.model.security.sms.ValidateCodeFilter@5ebbeee, xyz.fusheng.model.security.sms.SmsCodeAuthenticationFilter@3ff4513e, org.springframework.security.web.authentication.UsernamePasswordAuthenticationFilter@6bbf022b, xyz.fusheng.model.security.jwt.JwtAuthenticationTokenFilter@3a5586a7, org.springframework.security.web.authentication.www.BasicAuthenticationFilter@3f13c253, org.springframework.security.web.savedrequest.RequestCacheAwareFilter@63264aa5, org.springframework.security.web.servletapi.SecurityContextHolderAwareRequestFilter@49550b92, org.springframework.security.web.authentication.AnonymousAuthenticationFilter@3394d5a9, org.springframework.security.web.session.SessionManagementFilter@2ee15679, org.springframework.security.web.access.ExceptionTranslationFilter@4e8017f4, org.springframework.security.web.access.intercept.FilterSecurityInterceptor@48920c74]
2021-02-10 22:21:13.432 INFO  [restartedMain]o.s.scheduling.concurrent.ThreadPoolTaskExecutor.initialize:181 -Initializing ExecutorService 'applicationTaskExecutor'
2021-02-10 22:21:13.485 INFO  [restartedMain]o.s.boot.devtools.autoconfigure.OptionalLiveReloadServer.startServer:58 -LiveReload server is running on port 35729
2021-02-10 22:21:14.075 INFO  [restartedMain]o.s.scheduling.concurrent.ThreadPoolTaskScheduler.initialize:181 -Initializing ExecutorService 'taskScheduler'
2021-02-10 22:21:14.248 INFO  [restartedMain]s.d.spring.web.plugins.DocumentationPluginsBootstrapper.start:160 -Context refreshed
2021-02-10 22:21:14.258 INFO  [restartedMain]s.d.spring.web.plugins.DocumentationPluginsBootstrapper.start:163 -Found 1 custom documentation plugin(s)
2021-02-10 22:21:14.288 INFO  [restartedMain]s.d.spring.web.scanners.ApiListingReferenceScanner.scan:41 -Scanning for api listing references
2021-02-10 22:21:14.466 INFO  [restartedMain]s.d.s.w.readers.operation.CachingOperationNameGenerator.startingWith:40 -Generating unique operation named: deleteByIdUsingDELETE_1
2021-02-10 22:21:14.468 INFO  [restartedMain]s.d.s.w.readers.operation.CachingOperationNameGenerator.startingWith:40 -Generating unique operation named: disableUsingPUT_1
2021-02-10 22:21:14.469 INFO  [restartedMain]s.d.s.w.readers.operation.CachingOperationNameGenerator.startingWith:40 -Generating unique operation named: enableUsingPUT_1
2021-02-10 22:21:14.473 INFO  [restartedMain]s.d.s.w.readers.operation.CachingOperationNameGenerator.startingWith:40 -Generating unique operation named: getByIdUsingGET_1
2021-02-10 22:21:14.481 INFO  [restartedMain]s.d.s.w.readers.operation.CachingOperationNameGenerator.startingWith:40 -Generating unique operation named: getByPageUsingPOST_1
2021-02-10 22:21:14.484 INFO  [restartedMain]s.d.s.w.readers.operation.CachingOperationNameGenerator.startingWith:40 -Generating unique operation named: getListUsingGET_1
2021-02-10 22:21:14.486 INFO  [restartedMain]s.d.s.w.readers.operation.CachingOperationNameGenerator.startingWith:40 -Generating unique operation named: saveUsingPOST_1
2021-02-10 22:21:14.488 INFO  [restartedMain]s.d.s.w.readers.operation.CachingOperationNameGenerator.startingWith:40 -Generating unique operation named: updateUsingPUT_1
2021-02-10 22:21:14.497 INFO  [restartedMain]s.d.s.w.readers.operation.CachingOperationNameGenerator.startingWith:40 -Generating unique operation named: getByPageUsingPOST_2
2021-02-10 22:21:14.501 INFO  [restartedMain]s.d.s.w.readers.operation.CachingOperationNameGenerator.startingWith:40 -Generating unique operation named: saveUsingPOST_2
2021-02-10 22:21:14.503 INFO  [restartedMain]s.d.s.w.readers.operation.CachingOperationNameGenerator.startingWith:40 -Generating unique operation named: deleteByIdUsingDELETE_2
2021-02-10 22:21:14.507 INFO  [restartedMain]s.d.s.w.readers.operation.CachingOperationNameGenerator.startingWith:40 -Generating unique operation named: getByIdUsingGET_2
2021-02-10 22:21:14.516 INFO  [restartedMain]s.d.s.w.readers.operation.CachingOperationNameGenerator.startingWith:40 -Generating unique operation named: getByPageUsingPOST_3
2021-02-10 22:21:14.520 INFO  [restartedMain]s.d.s.w.readers.operation.CachingOperationNameGenerator.startingWith:40 -Generating unique operation named: saveUsingPOST_3
2021-02-10 22:21:14.524 INFO  [restartedMain]s.d.s.w.readers.operation.CachingOperationNameGenerator.startingWith:40 -Generating unique operation named: getByIdUsingGET_3
2021-02-10 22:21:14.532 INFO  [restartedMain]s.d.s.w.readers.operation.CachingOperationNameGenerator.startingWith:40 -Generating unique operation named: getByPageUsingPOST_4
2021-02-10 22:21:14.534 INFO  [restartedMain]s.d.s.w.readers.operation.CachingOperationNameGenerator.startingWith:40 -Generating unique operation named: saveUsingPOST_4
2021-02-10 22:21:14.547 INFO  [restartedMain]s.d.s.w.readers.operation.CachingOperationNameGenerator.startingWith:40 -Generating unique operation named: getByPageUsingPOST_5
2021-02-10 22:21:14.553 INFO  [restartedMain]s.d.s.w.readers.operation.CachingOperationNameGenerator.startingWith:40 -Generating unique operation named: deleteUsingDELETE_1
2021-02-10 22:21:14.555 INFO  [restartedMain]s.d.s.w.readers.operation.CachingOperationNameGenerator.startingWith:40 -Generating unique operation named: deleteByIdsUsingPUT_1
2021-02-10 22:21:14.567 INFO  [restartedMain]s.d.s.w.readers.operation.CachingOperationNameGenerator.startingWith:40 -Generating unique operation named: getByPageUsingPOST_6
2021-02-10 22:21:14.569 INFO  [restartedMain]s.d.s.w.readers.operation.CachingOperationNameGenerator.startingWith:40 -Generating unique operation named: deleteByIdUsingDELETE_3
2021-02-10 22:21:14.572 INFO  [restartedMain]s.d.s.w.readers.operation.CachingOperationNameGenerator.startingWith:40 -Generating unique operation named: getByIdUsingGET_4
2021-02-10 22:21:14.580 INFO  [restartedMain]s.d.s.w.readers.operation.CachingOperationNameGenerator.startingWith:40 -Generating unique operation named: getByPageUsingPOST_7
2021-02-10 22:21:14.582 INFO  [restartedMain]s.d.s.w.readers.operation.CachingOperationNameGenerator.startingWith:40 -Generating unique operation named: listUsingGET_1
2021-02-10 22:21:14.584 INFO  [restartedMain]s.d.s.w.readers.operation.CachingOperationNameGenerator.startingWith:40 -Generating unique operation named: saveUsingPOST_5
2021-02-10 22:21:14.585 INFO  [restartedMain]s.d.s.w.readers.operation.CachingOperationNameGenerator.startingWith:40 -Generating unique operation named: updateUsingPUT_2
2021-02-10 22:21:14.591 INFO  [restartedMain]s.d.s.w.readers.operation.CachingOperationNameGenerator.startingWith:40 -Generating unique operation named: getAllUsingGET_1
2021-02-10 22:21:14.595 INFO  [restartedMain]s.d.s.w.readers.operation.CachingOperationNameGenerator.startingWith:40 -Generating unique operation named: getByIdUsingGET_5
2021-02-10 22:21:14.601 INFO  [restartedMain]s.d.s.w.readers.operation.CachingOperationNameGenerator.startingWith:40 -Generating unique operation named: getByPageUsingPOST_8
2021-02-10 22:21:14.602 INFO  [restartedMain]s.d.s.w.readers.operation.CachingOperationNameGenerator.startingWith:40 -Generating unique operation named: getListUsingGET_2
2021-02-10 22:21:14.604 INFO  [restartedMain]s.d.s.w.readers.operation.CachingOperationNameGenerator.startingWith:40 -Generating unique operation named: saveUsingPOST_6
2021-02-10 22:21:14.605 INFO  [restartedMain]s.d.s.w.readers.operation.CachingOperationNameGenerator.startingWith:40 -Generating unique operation named: updateUsingPUT_3
2021-02-10 22:21:14.612 INFO  [restartedMain]s.d.s.w.readers.operation.CachingOperationNameGenerator.startingWith:40 -Generating unique operation named: deleteUsingDELETE_2
2021-02-10 22:21:14.613 INFO  [restartedMain]s.d.s.w.readers.operation.CachingOperationNameGenerator.startingWith:40 -Generating unique operation named: deleteByIdsUsingPUT_2
2021-02-10 22:21:14.615 INFO  [restartedMain]s.d.s.w.readers.operation.CachingOperationNameGenerator.startingWith:40 -Generating unique operation named: disableUsingPUT_2
2021-02-10 22:21:14.616 INFO  [restartedMain]s.d.s.w.readers.operation.CachingOperationNameGenerator.startingWith:40 -Generating unique operation named: enableUsingPUT_2
2021-02-10 22:21:14.624 INFO  [restartedMain]s.d.s.w.readers.operation.CachingOperationNameGenerator.startingWith:40 -Generating unique operation named: getByPageUsingPOST_9
2021-02-10 22:21:14.627 INFO  [restartedMain]s.d.s.w.readers.operation.CachingOperationNameGenerator.startingWith:40 -Generating unique operation named: listUsingGET_2
2021-02-10 22:21:14.629 INFO  [restartedMain]s.d.s.w.readers.operation.CachingOperationNameGenerator.startingWith:40 -Generating unique operation named: saveUsingPOST_7
2021-02-10 22:21:14.631 INFO  [restartedMain]s.d.s.w.readers.operation.CachingOperationNameGenerator.startingWith:40 -Generating unique operation named: updateUsingPUT_4
2021-02-10 22:21:14.638 INFO  [restartedMain]s.d.s.w.readers.operation.CachingOperationNameGenerator.startingWith:40 -Generating unique operation named: deleteByIdUsingDELETE_4
2021-02-10 22:21:14.639 INFO  [restartedMain]s.d.s.w.readers.operation.CachingOperationNameGenerator.startingWith:40 -Generating unique operation named: disableUsingPUT_3
2021-02-10 22:21:14.641 INFO  [restartedMain]s.d.s.w.readers.operation.CachingOperationNameGenerator.startingWith:40 -Generating unique operation named: enableUsingPUT_3
2021-02-10 22:21:14.650 INFO  [restartedMain]s.d.s.w.readers.operation.CachingOperationNameGenerator.startingWith:40 -Generating unique operation named: getByIdUsingGET_6
2021-02-10 22:21:14.657 INFO  [restartedMain]s.d.s.w.readers.operation.CachingOperationNameGenerator.startingWith:40 -Generating unique operation named: getByPageUsingPOST_10
2021-02-10 22:21:14.659 INFO  [restartedMain]s.d.s.w.readers.operation.CachingOperationNameGenerator.startingWith:40 -Generating unique operation named: listUsingGET_3
2021-02-10 22:21:14.661 INFO  [restartedMain]s.d.s.w.readers.operation.CachingOperationNameGenerator.startingWith:40 -Generating unique operation named: saveUsingPOST_8
2021-02-10 22:21:14.664 INFO  [restartedMain]s.d.s.w.readers.operation.CachingOperationNameGenerator.startingWith:40 -Generating unique operation named: updateUsingPUT_5
2021-02-10 22:21:14.666 INFO  [restartedMain]s.d.s.w.readers.operation.CachingOperationNameGenerator.startingWith:40 -Generating unique operation named: deleteByIdUsingDELETE_5
2021-02-10 22:21:14.668 INFO  [restartedMain]s.d.s.w.readers.operation.CachingOperationNameGenerator.startingWith:40 -Generating unique operation named: disableUsingPUT_4
2021-02-10 22:21:14.669 INFO  [restartedMain]s.d.s.w.readers.operation.CachingOperationNameGenerator.startingWith:40 -Generating unique operation named: enableUsingPUT_4
2021-02-10 22:21:14.672 INFO  [restartedMain]s.d.s.w.readers.operation.CachingOperationNameGenerator.startingWith:40 -Generating unique operation named: getByIdUsingGET_7
2021-02-10 22:21:14.677 INFO  [restartedMain]s.d.s.w.readers.operation.CachingOperationNameGenerator.startingWith:40 -Generating unique operation named: getByPageUsingPOST_11
2021-02-10 22:21:14.679 INFO  [restartedMain]s.d.s.w.readers.operation.CachingOperationNameGenerator.startingWith:40 -Generating unique operation named: listUsingGET_4
2021-02-10 22:21:14.680 INFO  [restartedMain]s.d.s.w.readers.operation.CachingOperationNameGenerator.startingWith:40 -Generating unique operation named: saveUsingPOST_9
2021-02-10 22:21:14.681 INFO  [restartedMain]s.d.s.w.readers.operation.CachingOperationNameGenerator.startingWith:40 -Generating unique operation named: updateUsingPUT_6
2021-02-10 22:21:14.690 INFO  [restartedMain]s.d.s.w.readers.operation.CachingOperationNameGenerator.startingWith:40 -Generating unique operation named: getByPageUsingPOST_12
2021-02-10 22:21:14.693 INFO  [restartedMain]s.d.s.w.readers.operation.CachingOperationNameGenerator.startingWith:40 -Generating unique operation named: deleteByIdUsingDELETE_6
2021-02-10 22:21:14.694 INFO  [restartedMain]s.d.s.w.readers.operation.CachingOperationNameGenerator.startingWith:40 -Generating unique operation named: disableUsingPUT_5
2021-02-10 22:21:14.695 INFO  [restartedMain]s.d.s.w.readers.operation.CachingOperationNameGenerator.startingWith:40 -Generating unique operation named: enableUsingPUT_5
2021-02-10 22:21:14.697 INFO  [restartedMain]s.d.s.w.readers.operation.CachingOperationNameGenerator.startingWith:40 -Generating unique operation named: getByIdUsingGET_8
2021-02-10 22:21:14.701 INFO  [restartedMain]s.d.s.w.readers.operation.CachingOperationNameGenerator.startingWith:40 -Generating unique operation named: listUsingGET_5
2021-02-10 22:21:14.704 INFO  [restartedMain]s.d.s.w.readers.operation.CachingOperationNameGenerator.startingWith:40 -Generating unique operation named: saveUsingPOST_10
2021-02-10 22:21:14.708 INFO  [restartedMain]s.d.s.w.readers.operation.CachingOperationNameGenerator.startingWith:40 -Generating unique operation named: updateUsingPUT_7
2021-02-10 22:21:14.720 INFO  [restartedMain]s.d.s.w.readers.operation.CachingOperationNameGenerator.startingWith:40 -Generating unique operation named: deleteByIdUsingDELETE_7
2021-02-10 22:21:14.722 INFO  [restartedMain]s.d.s.w.readers.operation.CachingOperationNameGenerator.startingWith:40 -Generating unique operation named: disableUsingPUT_6
2021-02-10 22:21:14.724 INFO  [restartedMain]s.d.s.w.readers.operation.CachingOperationNameGenerator.startingWith:40 -Generating unique operation named: enableUsingPUT_6
2021-02-10 22:21:14.726 INFO  [restartedMain]s.d.s.w.readers.operation.CachingOperationNameGenerator.startingWith:40 -Generating unique operation named: getByIdUsingGET_9
2021-02-10 22:21:14.736 INFO  [restartedMain]s.d.s.w.readers.operation.CachingOperationNameGenerator.startingWith:40 -Generating unique operation named: getByPageUsingPOST_13
2021-02-10 22:21:14.738 INFO  [restartedMain]s.d.s.w.readers.operation.CachingOperationNameGenerator.startingWith:40 -Generating unique operation named: listUsingGET_6
2021-02-10 22:21:14.740 INFO  [restartedMain]s.d.s.w.readers.operation.CachingOperationNameGenerator.startingWith:40 -Generating unique operation named: saveUsingPOST_11
2021-02-10 22:21:14.741 INFO  [restartedMain]s.d.s.w.readers.operation.CachingOperationNameGenerator.startingWith:40 -Generating unique operation named: updateUsingPUT_8
2021-02-10 22:21:14.753 INFO  [restartedMain]o.s.amqp.rabbit.connection.CachingConnectionFactory.connect:524 -Attempting to connect to: [175.24.45.179:5672]
2021-02-10 22:21:15.006 INFO  [restartedMain]o.s.amqp.rabbit.connection.CachingConnectionFactory.createBareConnection:497 -Created new connection: rabbitConnectionFactory#5c64903c:0/SimpleConnection@2ab3261e [delegate=amqp://code-fusheng@175.24.45.179:5672//model, localPort= 50323]
2021-02-10 22:21:15.554 INFO  [restartedMain]org.apache.coyote.http11.Http11NioProtocol.log:173 -Starting ProtocolHandler ["http-nio-9999"]
2021-02-10 22:21:15.579 INFO  [restartedMain]o.s.boot.web.embedded.tomcat.TomcatWebServer.start:204 -Tomcat started on port(s): 9999 (http) with context path ''
2021-02-10 22:21:15.583 INFO  [restartedMain]xyz.fusheng.model.ModelApplication.logStarted:61 -Started ModelApplication in 8.522 seconds (JVM running for 9.168)
2021-02-10 22:21:15.586 INFO  [restartedMain]xyz.fusheng.model.ModelApplication.main:106 ->>>>>>>>>>>>>>>>系统已经启动>>>>>>>>>>>>>>>
2021-02-10 22:22:09.037 INFO  [http-nio-9999-exec-1]o.a.catalina.core.ContainerBase.[Tomcat].[localhost].[/].log:173 -Initializing Spring DispatcherServlet 'dispatcherServlet'
2021-02-10 22:22:09.038 INFO  [http-nio-9999-exec-1]org.springframework.web.servlet.DispatcherServlet.initServletBean:525 -Initializing Servlet 'dispatcherServlet'
2021-02-10 22:22:09.050 INFO  [http-nio-9999-exec-1]org.springframework.web.servlet.DispatcherServlet.initServletBean:547 -Completed initialization in 12 ms
2021-02-10 22:22:09.164 INFO  [http-nio-9999-exec-1]io.lettuce.core.EpollProvider.<clinit>:68 -Starting without optional epoll library
2021-02-10 22:22:09.410 INFO  [http-nio-9999-exec-1]io.lettuce.core.KqueueProvider.<clinit>:66 -Starting with kqueue library
2021-02-10 22:22:09.840 INFO  [http-nio-9999-exec-1]xyz.fusheng.model.common.aspect.aop.RequestAspect.printRequestLog:146 -请求地址 : /article/getLastAndNextArticleVo/171
2021-02-10 22:22:09.841 INFO  [http-nio-9999-exec-1]xyz.fusheng.model.common.aspect.aop.RequestAspect.printRequestLog:147 -请求方式 : GET
2021-02-10 22:22:09.842 INFO  [http-nio-9999-exec-1]xyz.fusheng.model.common.aspect.aop.RequestAspect.printRequestLog:150 -IP : 0:0:0:0:0:0:0:1
2021-02-10 22:22:09.844 INFO  [http-nio-9999-exec-1]xyz.fusheng.model.common.aspect.aop.RequestAspect.printRequestLog:152 -方法 : xyz.fusheng.model.controller.ArticleController.getLastAndNextArticleVo
2021-02-10 22:22:09.844 INFO  [http-nio-9999-exec-1]xyz.fusheng.model.common.aspect.aop.RequestAspect.printRequestLog:156 -请求参数：******
2021-02-10 22:22:13.030 INFO  [http-nio-9999-exec-1]com.alibaba.druid.pool.DruidDataSource.init:922 -{dataSource-1} inited
2021-02-10 22:22:13.455 INFO  [http-nio-9999-exec-1]xyz.fusheng.model.common.aspect.aop.RequestAspect.doAround:95 -耗时 : 3615
2021-02-10 22:22:13.479 INFO  [http-nio-9999-exec-1]xyz.fusheng.model.common.aspect.aop.RequestAspect.doAfterReturning:113 -返回值:"******"
2021-02-10 22:22:32.936 INFO  [http-nio-9999-exec-3]xyz.fusheng.model.common.aspect.aop.RequestAspect.printRequestLog:146 -请求地址 : /article/getLastAndNextArticleVo/170
2021-02-10 22:22:32.937 INFO  [http-nio-9999-exec-3]xyz.fusheng.model.common.aspect.aop.RequestAspect.printRequestLog:147 -请求方式 : GET
2021-02-10 22:22:32.938 INFO  [http-nio-9999-exec-3]xyz.fusheng.model.common.aspect.aop.RequestAspect.printRequestLog:150 -IP : 0:0:0:0:0:0:0:1
2021-02-10 22:22:32.938 INFO  [http-nio-9999-exec-3]xyz.fusheng.model.common.aspect.aop.RequestAspect.printRequestLog:152 -方法 : xyz.fusheng.model.controller.ArticleController.getLastAndNextArticleVo
2021-02-10 22:22:32.939 INFO  [http-nio-9999-exec-3]xyz.fusheng.model.common.aspect.aop.RequestAspect.printRequestLog:156 -请求参数：******
2021-02-10 22:22:33.197 INFO  [http-nio-9999-exec-3]xyz.fusheng.model.common.aspect.aop.RequestAspect.doAround:95 -耗时 : 261
2021-02-10 22:22:33.198 INFO  [http-nio-9999-exec-3]xyz.fusheng.model.common.aspect.aop.RequestAspect.doAfterReturning:113 -返回值:"******"
2021-02-10 22:23:41.558 INFO  [SpringContextShutdownHook]o.s.amqp.rabbit.listener.SimpleMessageListenerContainer.doShutdown:645 -Waiting for workers to finish.
2021-02-10 22:23:41.953 INFO  [SpringContextShutdownHook]o.s.amqp.rabbit.listener.SimpleMessageListenerContainer.doShutdown:648 -Successfully waited for workers to finish.
2021-02-10 22:23:41.957 INFO  [SpringContextShutdownHook]o.s.scheduling.concurrent.ThreadPoolTaskScheduler.shutdown:218 -Shutting down ExecutorService 'taskScheduler'
2021-02-10 22:23:41.960 INFO  [SpringContextShutdownHook]o.s.amqp.rabbit.listener.SimpleMessageListenerContainer.shutdown:1231 -Shutdown ignored - container is not active already
2021-02-10 22:23:41.961 INFO  [SpringContextShutdownHook]o.s.jmx.export.annotation.AnnotationMBeanExporter.doUnregister:211 -Could not unregister MBean [com.github.tobato.fastdfs.domain.conn:name=fdfsConnectionPool,type=FdfsConnectionPool] as said MBean is not registered (perhaps already unregistered by an external process)
2021-02-10 22:23:41.961 INFO  [SpringContextShutdownHook]o.s.scheduling.concurrent.ThreadPoolTaskExecutor.shutdown:218 -Shutting down ExecutorService 'applicationTaskExecutor'
2021-02-10 22:23:42.147 INFO  [SpringContextShutdownHook]com.alibaba.druid.pool.DruidDataSource.close:1817 -{dataSource-1} closed
