2020-09-10 07:51:21.439 DEBUG [restartedMain]xyz.fusheng.model.ModelApplication.logStarting:56 -Running with Spring Boot v2.2.6.RELEASE, Spring v5.2.5.RELEASE
2020-09-10 07:55:32.372 DEBUG [http-nio-9999-exec-3]xyz.fusheng.model.core.mapper.UserMapper.selectOne.debug:143 -==>  Preparing: SELECT user_id,username,password,phone,mail,header,signature,description,realname,sex,address,created_time,update_time,version,is_enabled,is_deleted FROM sys_user WHERE (username = ?) 
2020-09-10 07:55:32.722 DEBUG [http-nio-9999-exec-3]xyz.fusheng.model.core.mapper.UserMapper.selectOne.debug:143 -==> Parameters: fusheng(String)
2020-09-10 07:55:32.891 DEBUG [http-nio-9999-exec-3]xyz.fusheng.model.core.mapper.UserMapper.selectOne.debug:143 -<==      Total: 1
2020-09-10 07:55:33.363 DEBUG [http-nio-9999-exec-3]x.f.model.core.mapper.UserMapper.selectRoleByUserId.debug:143 -==>  Preparing: select r.* from sys_role r left join sys_user_role ur on ur.role_id = r.role_id where ur.user_id = ? 
2020-09-10 07:55:33.395 DEBUG [http-nio-9999-exec-3]x.f.model.core.mapper.UserMapper.selectRoleByUserId.debug:143 -==> Parameters: 1(Long)
2020-09-10 07:55:33.626 DEBUG [http-nio-9999-exec-3]x.f.model.core.mapper.UserMapper.selectRoleByUserId.debug:143 -<==      Total: 1
2020-09-10 07:55:33.684 DEBUG [http-nio-9999-exec-3]xyz.fusheng.model.core.mapper.LoginLogMapper.insert.debug:143 -==>  Preparing: INSERT INTO sys_login_log ( user_name, ip_address, login_location, browser_type, os_type, login_status, login_type, msg ) VALUES ( ?, ?, ?, ?, ?, ?, ?, ? ) 
2020-09-10 07:55:33.729 DEBUG [http-nio-9999-exec-3]xyz.fusheng.model.core.mapper.LoginLogMapper.insert.debug:143 -==> Parameters: fusheng(String), 127.0.0.1(String), 内网IP(String), Unknown(String), Unknown(String), 0(Integer), 0(Integer), 登录成功！(String)
2020-09-10 07:55:34.098 DEBUG [http-nio-9999-exec-3]xyz.fusheng.model.core.mapper.LoginLogMapper.insert.debug:143 -<==    Updates: 1
2020-09-10 07:56:16.732 DEBUG [http-nio-9999-exec-5]xyz.fusheng.model.core.mapper.LogMapper.save.debug:143 -==>  Preparing: insert into sys_log( log_url, log_params, log_status, log_message, log_method, log_time, log_result, log_ip ) values ( ?, ?, ?, ?, ?, ?, ?, ? ) 
2020-09-10 07:56:16.735 DEBUG [http-nio-9999-exec-5]xyz.fusheng.model.core.mapper.LogMapper.save.debug:143 -==> Parameters: /search/searchHighlightWithFields(String), ******(String), 1(Integer), null, POST(String), 1399(Long), ******(String), 0:0:0:0:0:0:0:1(String)
2020-09-10 07:56:17.310 DEBUG [http-nio-9999-exec-5]xyz.fusheng.model.core.mapper.LogMapper.save.debug:143 -<==    Updates: 1
2020-09-10 07:57:34.736 DEBUG [http-nio-9999-exec-8]xyz.fusheng.model.core.mapper.LogMapper.save.debug:143 -==>  Preparing: insert into sys_log( log_url, log_params, log_status, log_message, log_method, log_time, log_result, log_ip ) values ( ?, ?, ?, ?, ?, ?, ?, ? ) 
2020-09-10 07:57:34.738 DEBUG [http-nio-9999-exec-8]xyz.fusheng.model.core.mapper.LogMapper.save.debug:143 -==> Parameters: /search/searchHighlightWithFields(String), ******(String), 1(Integer), null, POST(String), 473(Long), ******(String), 0:0:0:0:0:0:0:1(String)
2020-09-10 07:57:35.237 DEBUG [http-nio-9999-exec-8]xyz.fusheng.model.core.mapper.LogMapper.save.debug:143 -<==    Updates: 1
2020-09-10 07:58:53.473 DEBUG [http-nio-9999-exec-10]xyz.fusheng.model.core.mapper.LogMapper.save.debug:143 -==>  Preparing: insert into sys_log( log_url, log_params, log_status, log_message, log_method, log_time, log_result, log_ip ) values ( ?, ?, ?, ?, ?, ?, ?, ? ) 
2020-09-10 07:58:53.475 DEBUG [http-nio-9999-exec-10]xyz.fusheng.model.core.mapper.LogMapper.save.debug:143 -==> Parameters: /search/baseSearch(String), ******(String), 1(Integer), null, POST(String), 1971(Long), ******(String), 0:0:0:0:0:0:0:1(String)
2020-09-10 07:58:53.699 DEBUG [http-nio-9999-exec-10]xyz.fusheng.model.core.mapper.LogMapper.save.debug:143 -<==    Updates: 1
2020-09-10 07:59:54.576 DEBUG [restartedMain]xyz.fusheng.model.ModelApplication.logStarting:56 -Running with Spring Boot v2.2.6.RELEASE, Spring v5.2.5.RELEASE
2020-09-10 08:00:39.315 DEBUG [http-nio-9999-exec-1]xyz.fusheng.model.core.mapper.LogMapper.save.debug:143 -==>  Preparing: insert into sys_log( log_url, log_params, log_status, log_message, log_method, log_time, log_result, log_ip ) values ( ?, ?, ?, ?, ?, ?, ?, ? ) 
2020-09-10 08:00:39.508 DEBUG [http-nio-9999-exec-1]xyz.fusheng.model.core.mapper.LogMapper.save.debug:143 -==> Parameters: /search/searchHighlightWithFields(String), ******(String), 1(Integer), null, POST(String), 1455(Long), ******(String), 0:0:0:0:0:0:0:1(String)
2020-09-10 08:00:40.071 DEBUG [http-nio-9999-exec-1]xyz.fusheng.model.core.mapper.LogMapper.save.debug:143 -<==    Updates: 1
2020-09-10 08:01:22.610 DEBUG [http-nio-9999-exec-3]xyz.fusheng.model.core.mapper.LogMapper.save.debug:143 -==>  Preparing: insert into sys_log( log_url, log_params, log_status, log_message, log_method, log_time, log_result, log_ip ) values ( ?, ?, ?, ?, ?, ?, ?, ? ) 
2020-09-10 08:01:22.612 DEBUG [http-nio-9999-exec-3]xyz.fusheng.model.core.mapper.LogMapper.save.debug:143 -==> Parameters: /search/searchHighlightWithFields(String), ******(String), 1(Integer), null, POST(String), 470(Long), ******(String), 0:0:0:0:0:0:0:1(String)
2020-09-10 08:01:23.020 DEBUG [http-nio-9999-exec-3]xyz.fusheng.model.core.mapper.LogMapper.save.debug:143 -<==    Updates: 1
2020-09-10 08:03:38.278 DEBUG [main]xyz.fusheng.model.ElasticsearchTests.logStarting:56 -Running with Spring Boot v2.2.6.RELEASE, Spring v5.2.5.RELEASE
2020-09-10 08:08:53.109 DEBUG [main]xyz.fusheng.model.ElasticsearchTests.logStarting:56 -Running with Spring Boot v2.2.6.RELEASE, Spring v5.2.5.RELEASE
2020-09-10 08:10:15.167 DEBUG [main]xyz.fusheng.model.ElasticsearchTests.logStarting:56 -Running with Spring Boot v2.2.6.RELEASE, Spring v5.2.5.RELEASE
2020-09-10 08:11:27.765 DEBUG [main]xyz.fusheng.model.ElasticsearchTests.logStarting:56 -Running with Spring Boot v2.2.6.RELEASE, Spring v5.2.5.RELEASE
2020-09-10 08:12:44.172 DEBUG [main]xyz.fusheng.model.ElasticsearchTests.logStarting:56 -Running with Spring Boot v2.2.6.RELEASE, Spring v5.2.5.RELEASE
2020-09-10 08:23:18.536 DEBUG [main]xyz.fusheng.model.ElasticsearchTests.logStarting:56 -Running with Spring Boot v2.2.6.RELEASE, Spring v5.2.5.RELEASE
2020-09-10 08:24:26.532 DEBUG [main]xyz.fusheng.model.ElasticsearchTests.logStarting:56 -Running with Spring Boot v2.2.6.RELEASE, Spring v5.2.5.RELEASE
